<?xml version="1.0" encoding="UTF-8"?>
<testsuite xmlns:xsi="http://www.w3.org/2001/XMLSchema-instance" xsi:noNamespaceSchemaLocation="https://maven.apache.org/surefire/maven-surefire-plugin/xsd/surefire-test-report.xsd" name="TestSuite" time="196.229" tests="4" errors="0" skipped="0" failures="2">
  <properties>
[...]
</properties>
  <testcase name="feature" classname="runners.TestRunner" time="0.293"/>
  <testcase name="feature" classname="runners.TestRunner" time="150.603">
    <failure message="org.openqa.selenium.WebDriverException: java.net.ConnectException: Failed to connect to localhost/0:0:0:0:0:0:0:1:25496&#10;Build info: version: &apos;3.11.0&apos;, revision: &apos;e59cfb3&apos;, time: &apos;2018-03-11T20:26:55.152Z&apos;&#10;System info: host: &apos;Oluwaseuns-MacBook-Air.local&apos;, ip: &apos;fe80:0:0:0:31:e06c:6b0c:1021%en0&apos;, os.name: &apos;Mac OS X&apos;, os.arch: &apos;x86_64&apos;, os.version: &apos;10.15.4&apos;, java.version: &apos;1.8.0_144&apos;&#10;Driver info: driver.version: FirefoxDriver" type="cucumber.runtime.CucumberException">cucumber.runtime.CucumberException: 
org.openqa.selenium.WebDriverException: java.net.ConnectException: Failed to connect to localhost/0:0:0:0:0:0:0:1:25496
Build info: version: '3.11.0', revision: 'e59cfb3', time: '2018-03-11T20:26:55.152Z'
System info: host: 'Oluwaseuns-MacBook-Air.local', ip: 'fe80:0:0:0:31:e06c:6b0c:1021%en0', os.name: 'Mac OS X', os.arch: 'x86_64', os.version: '10.15.4', java.version: '1.8.0_144'
Driver info: driver.version: FirefoxDriver
	at runners.TestRunner.feature(TestRunner.java:31)
Caused by: org.openqa.selenium.WebDriverException: 
java.net.ConnectException: Failed to connect to localhost/0:0:0:0:0:0:0:1:25496
Build info: version: '3.11.0', revision: 'e59cfb3', time: '2018-03-11T20:26:55.152Z'
System info: host: 'Oluwaseuns-MacBook-Air.local', ip: 'fe80:0:0:0:31:e06c:6b0c:1021%en0', os.name: 'Mac OS X', os.arch: 'x86_64', os.version: '10.15.4', java.version: '1.8.0_144'
Driver info: driver.version: FirefoxDriver
Caused by: java.net.ConnectException: Failed to connect to localhost/0:0:0:0:0:0:0:1:25496
	at runners.TestRunner.feature(TestRunner.java:31)
Caused by: java.net.ConnectException: Connection refused (Connection refused)
	at runners.TestRunner.feature(TestRunner.java:31)
</failure>
    <system-out><![CDATA[Feature: Login
  As a user of giftrete, I want to login to the site

  Background:                          &amp#27;[90m# login.feature:4&amp#27;[0m
    &amp#27;[31mGiven &amp#27;[0m&amp#27;[31mI navigate to dev.giftrt.com&amp#27;[0m &amp#27;[90m# Login.iNavigateToDevGiftrtCom()&amp#27;[0m
      &amp#27;[31morg.openqa.selenium.WebDriverException: java.net.ConnectException: Failed to connect to localhost/0:0:0:0:0:0:0:1:25496
      Build info: version: '3.11.0', revision: 'e59cfb3', time: '2018-03-11T20:26:55.152Z'
      System info: host: 'Oluwaseuns-MacBook-Air.local', ip: 'fe80:0:0:0:31:e06c:6b0c:1021%en0', os.name: 'Mac OS X', os.arch: 'x86_64', os.version: '10.15.4', java.version: '1.8.0_144'
      Driver info: driver.version: FirefoxDriver
      	at org.openqa.selenium.remote.service.DriverCommandExecutor.execute(DriverCommandExecutor.java:92)
      	at org.openqa.selenium.remote.RemoteWebDriver.execute(RemoteWebDriver.java:545)
      	at org.openqa.selenium.remote.RemoteWebDriver.startSession(RemoteWebDriver.java:209)
      	at org.openqa.selenium.remote.RemoteWebDriver.<init>(RemoteWebDriver.java:132)
      	at org.openqa.selenium.firefox.FirefoxDriver.<init>(FirefoxDriver.java:120)
      	at org.openqa.selenium.firefox.FirefoxDriver.<init>(FirefoxDriver.java:98)
      	at StepDefinitions.Login.iNavigateToDevGiftrtCom(Login.java:21)
      	at ✽.Given I navigate to dev.giftrt.com(login.feature:5)
      Caused by: java.net.ConnectException: Failed to connect to localhost/0:0:0:0:0:0:0:1:25496
      	at okhttp3.internal.connection.RealConnection.connectSocket(RealConnection.java:240)
      	at okhttp3.internal.connection.RealConnection.connect(RealConnection.java:158)
      	at okhttp3.internal.connection.StreamAllocation.findConnection(StreamAllocation.java:256)
      	at okhttp3.internal.connection.StreamAllocation.findHealthyConnection(StreamAllocation.java:134)
      	at okhttp3.internal.connection.StreamAllocation.newStream(StreamAllocation.java:113)
      	at okhttp3.internal.connection.ConnectInterceptor.intercept(ConnectInterceptor.java:42)
      	at okhttp3.internal.http.RealInterceptorChain.proceed(RealInterceptorChain.java:147)
      	at okhttp3.internal.http.RealInterceptorChain.proceed(RealInterceptorChain.java:121)
      	at okhttp3.internal.cache.CacheInterceptor.intercept(CacheInterceptor.java:93)
      	at okhttp3.internal.http.RealInterceptorChain.proceed(RealInterceptorChain.java:147)
      	at okhttp3.internal.http.RealInterceptorChain.proceed(RealInterceptorChain.java:121)
      	at okhttp3.internal.http.BridgeInterceptor.intercept(BridgeInterceptor.java:93)
      	at okhttp3.internal.http.RealInterceptorChain.proceed(RealInterceptorChain.java:147)
      	at okhttp3.internal.http.RetryAndFollowUpInterceptor.intercept(RetryAndFollowUpInterceptor.java:125)
      	at okhttp3.internal.http.RealInterceptorChain.proceed(RealInterceptorChain.java:147)
      	at okhttp3.internal.http.RealInterceptorChain.proceed(RealInterceptorChain.java:121)
      	at okhttp3.RealCall.getResponseWithInterceptorChain(RealCall.java:200)
      	at okhttp3.RealCall.execute(RealCall.java:77)
      	at org.openqa.selenium.remote.internal.OkHttpClient.execute(OkHttpClient.java:101)
      	at org.openqa.selenium.remote.ProtocolHandshake.createSession(ProtocolHandshake.java:101)
      	at org.openqa.selenium.remote.ProtocolHandshake.createSession(ProtocolHandshake.java:73)
      	at org.openqa.selenium.remote.HttpCommandExecutor.execute(HttpCommandExecutor.java:136)
      	at org.openqa.selenium.remote.service.DriverCommandExecutor.execute(DriverCommandExecutor.java:83)
      	at org.openqa.selenium.remote.RemoteWebDriver.execute(RemoteWebDriver.java:545)
      	at org.openqa.selenium.remote.RemoteWebDriver.startSession(RemoteWebDriver.java:209)
      	at org.openqa.selenium.remote.RemoteWebDriver.<init>(RemoteWebDriver.java:132)
      	at org.openqa.selenium.firefox.FirefoxDriver.<init>(FirefoxDriver.java:120)
      	at org.openqa.selenium.firefox.FirefoxDriver.<init>(FirefoxDriver.java:98)
      	at StepDefinitions.Login.iNavigateToDevGiftrtCom(Login.java:21)
      	at sun.reflect.NativeMethodAccessorImpl.invoke0(Native Method)
      	at sun.reflect.NativeMethodAccessorImpl.invoke(NativeMethodAccessorImpl.java:62)
      	at sun.reflect.DelegatingMethodAccessorImpl.invoke(DelegatingMethodAccessorImpl.java:43)
      	at java.lang.reflect.Method.invoke(Method.java:498)
      	at cucumber.runtime.Utils$1.call(Utils.java:40)
      	at cucumber.runtime.Timeout.timeout(Timeout.java:16)
      	at cucumber.runtime.Utils.invoke(Utils.java:34)
      	at cucumber.runtime.java.JavaStepDefinition.execute(JavaStepDefinition.java:38)
      	at cucumber.runtime.StepDefinitionMatch.runStep(StepDefinitionMatch.java:37)
      	at cucumber.runtime.Runtime.runStep(Runtime.java:300)
      	at cucumber.runtime.model.StepContainer.runStep(StepContainer.java:44)
      	at cucumber.runtime.model.StepContainer.runSteps(StepContainer.java:39)
      	at cucumber.runtime.model.CucumberScenario.runBackground(CucumberScenario.java:59)
      	at cucumber.runtime.model.CucumberScenario.run(CucumberScenario.java:42)
      	at cucumber.runtime.model.CucumberFeature.run(CucumberFeature.java:165)
      	at cucumber.api.testng.TestNGCucumberRunner.runCucumber(TestNGCucumberRunner.java:63)
      	at runners.TestRunner.feature(TestRunner.java:31)
      	at sun.reflect.NativeMethodAccessorImpl.invoke0(Native Method)
      	at sun.reflect.NativeMethodAccessorImpl.invoke(NativeMethodAccessorImpl.java:62)
      	at sun.reflect.DelegatingMethodAccessorImpl.invoke(DelegatingMethodAccessorImpl.java:43)
      	at java.lang.reflect.Method.invoke(Method.java:498)
      	at org.testng.internal.MethodInvocationHelper.invokeMethod(MethodInvocationHelper.java:124)
      	at org.testng.internal.Invoker.invokeMethod(Invoker.java:583)
      	at org.testng.internal.Invoker.invokeTestMethod(Invoker.java:719)
      	at org.testng.internal.Invoker.invokeTestMethods(Invoker.java:989)
      	at org.testng.internal.TestMethodWorker.invokeTestMethods(TestMethodWorker.java:125)
      	at org.testng.internal.TestMethodWorker.run(TestMethodWorker.java:109)
      	at org.testng.TestRunner.privateRun(TestRunner.java:648)
      	at org.testng.TestRunner.run(TestRunner.java:505)
      	at org.testng.SuiteRunner.runTest(SuiteRunner.java:455)
      	at org.testng.SuiteRunner.access$000(SuiteRunner.java:40)
      	at org.testng.SuiteRunner$SuiteWorker.run(SuiteRunner.java:489)
      	at org.testng.internal.thread.ThreadUtil$1.call(ThreadUtil.java:52)
      	at java.util.concurrent.FutureTask.run(FutureTask.java:266)
      	at java.util.concurrent.ThreadPoolExecutor.runWorker(ThreadPoolExecutor.java:1149)
      	at java.util.concurrent.ThreadPoolExecutor$Worker.run(ThreadPoolExecutor.java:624)
      	at java.lang.Thread.run(Thread.java:748)
      Caused by: java.net.ConnectException: Connection refused (Connection refused)
      	at java.net.PlainSocketImpl.socketConnect(Native Method)
      	at java.net.AbstractPlainSocketImpl.doConnect(AbstractPlainSocketImpl.java:350)
      	at java.net.AbstractPlainSocketImpl.connectToAddress(AbstractPlainSocketImpl.java:206)
      	at java.net.AbstractPlainSocketImpl.connect(AbstractPlainSocketImpl.java:188)
      	at java.net.SocksSocketImpl.connect(SocksSocketImpl.java:392)
      	at java.net.Socket.connect(Socket.java:589)
      	at okhttp3.internal.platform.Platform.connectSocket(Platform.java:125)
      	at okhttp3.internal.connection.RealConnection.connectSocket(RealConnection.java:238)
      	... 65 more
      &amp#27;[0m
    &amp#27;[36mWhen &amp#27;[0m&amp#27;[36mI click on the login page&amp#27;[0m     &amp#27;[90m# Login.iClickOnTheLoginPage()&amp#27;[0m

  @valid @smoke
  Scenario: Valid Login               &amp#27;[90m# login.feature:9&amp#27;[0m
    &amp#27;[36mAnd &amp#27;[0m&amp#27;[36mI enter the username&amp#27;[0m          &amp#27;[90m# Login.iEnterTheUsername()&amp#27;[0m
    &amp#27;[36mAnd &amp#27;[0m&amp#27;[36mI enter the password&amp#27;[0m          &amp#27;[90m# Login.iEnterThePassword()&amp#27;[0m
    &amp#27;[36mAnd &amp#27;[0m&amp#27;[36mI click on the sign in button&amp#27;[0m &amp#27;[90m# Login.iClickOnTheSignInButton()&amp#27;[0m
    &amp#27;[36mThen &amp#27;[0m&amp#27;[36mI should be able to log-in&amp#27;[0m   &amp#27;[90m# Login.iShouldBeAbleToLogIn()&amp#27;[0m
    &amp#27;[36mAnd &amp#27;[0m&amp#27;[36mI close the broswer&amp#27;[0m           &amp#27;[90m# Login.iCloseTheBroswer()&amp#27;[0m

  Background:                          &amp#27;[90m# login.feature:4&amp#27;[0m
    &amp#27;[31mGiven &amp#27;[0m&amp#27;[31mI navigate to dev.giftrt.com&amp#27;[0m &amp#27;[90m# Login.iNavigateToDevGiftrtCom()&amp#27;[0m
      &amp#27;[31morg.openqa.selenium.WebDriverException: java.net.ConnectException: Failed to connect to localhost/0:0:0:0:0:0:0:1:26582
      Build info: version: '3.11.0', revision: 'e59cfb3', time: '2018-03-11T20:26:55.152Z'
      System info: host: 'Oluwaseuns-MacBook-Air.local', ip: 'fe80:0:0:0:31:e06c:6b0c:1021%en0', os.name: 'Mac OS X', os.arch: 'x86_64', os.version: '10.15.4', java.version: '1.8.0_144'
      Driver info: driver.version: FirefoxDriver
      	at org.openqa.selenium.remote.service.DriverCommandExecutor.execute(DriverCommandExecutor.java:92)
      	at org.openqa.selenium.remote.RemoteWebDriver.execute(RemoteWebDriver.java:545)
      	at org.openqa.selenium.remote.RemoteWebDriver.startSession(RemoteWebDriver.java:209)
      	at org.openqa.selenium.remote.RemoteWebDriver.<init>(RemoteWebDriver.java:132)
      	at org.openqa.selenium.firefox.FirefoxDriver.<init>(FirefoxDriver.java:120)
      	at org.openqa.selenium.firefox.FirefoxDriver.<init>(FirefoxDriver.java:98)
      	at StepDefinitions.Login.iNavigateToDevGiftrtCom(Login.java:21)
      	at ✽.Given I navigate to dev.giftrt.com(login.feature:5)
      Caused by: java.net.ConnectException: Failed to connect to localhost/0:0:0:0:0:0:0:1:26582
      	at okhttp3.internal.connection.RealConnection.connectSocket(RealConnection.java:240)
      	at okhttp3.internal.connection.RealConnection.connect(RealConnection.java:158)
      	at okhttp3.internal.connection.StreamAllocation.findConnection(StreamAllocation.java:256)
      	at okhttp3.internal.connection.StreamAllocation.findHealthyConnection(StreamAllocation.java:134)
      	at okhttp3.internal.connection.StreamAllocation.newStream(StreamAllocation.java:113)
      	at okhttp3.internal.connection.ConnectInterceptor.intercept(ConnectInterceptor.java:42)
      	at okhttp3.internal.http.RealInterceptorChain.proceed(RealInterceptorChain.java:147)
      	at okhttp3.internal.http.RealInterceptorChain.proceed(RealInterceptorChain.java:121)
      	at okhttp3.internal.cache.CacheInterceptor.intercept(CacheInterceptor.java:93)
      	at okhttp3.internal.http.RealInterceptorChain.proceed(RealInterceptorChain.java:147)
      	at okhttp3.internal.http.RealInterceptorChain.proceed(RealInterceptorChain.java:121)
      	at okhttp3.internal.http.BridgeInterceptor.intercept(BridgeInterceptor.java:93)
      	at okhttp3.internal.http.RealInterceptorChain.proceed(RealInterceptorChain.java:147)
      	at okhttp3.internal.http.RetryAndFollowUpInterceptor.intercept(RetryAndFollowUpInterceptor.java:125)
      	at okhttp3.internal.http.RealInterceptorChain.proceed(RealInterceptorChain.java:147)
      	at okhttp3.internal.http.RealInterceptorChain.proceed(RealInterceptorChain.java:121)
      	at okhttp3.RealCall.getResponseWithInterceptorChain(RealCall.java:200)
      	at okhttp3.RealCall.execute(RealCall.java:77)
      	at org.openqa.selenium.remote.internal.OkHttpClient.execute(OkHttpClient.java:101)
      	at org.openqa.selenium.remote.ProtocolHandshake.createSession(ProtocolHandshake.java:101)
      	at org.openqa.selenium.remote.ProtocolHandshake.createSession(ProtocolHandshake.java:73)
      	at org.openqa.selenium.remote.HttpCommandExecutor.execute(HttpCommandExecutor.java:136)
      	at org.openqa.selenium.remote.service.DriverCommandExecutor.execute(DriverCommandExecutor.java:83)
      	at org.openqa.selenium.remote.RemoteWebDriver.execute(RemoteWebDriver.java:545)
      	at org.openqa.selenium.remote.RemoteWebDriver.startSession(RemoteWebDriver.java:209)
      	at org.openqa.selenium.remote.RemoteWebDriver.<init>(RemoteWebDriver.java:132)
      	at org.openqa.selenium.firefox.FirefoxDriver.<init>(FirefoxDriver.java:120)
      	at org.openqa.selenium.firefox.FirefoxDriver.<init>(FirefoxDriver.java:98)
      	at StepDefinitions.Login.iNavigateToDevGiftrtCom(Login.java:21)
      	at sun.reflect.NativeMethodAccessorImpl.invoke0(Native Method)
      	at sun.reflect.NativeMethodAccessorImpl.invoke(NativeMethodAccessorImpl.java:62)
      	at sun.reflect.DelegatingMethodAccessorImpl.invoke(DelegatingMethodAccessorImpl.java:43)
      	at java.lang.reflect.Method.invoke(Method.java:498)
      	at cucumber.runtime.Utils$1.call(Utils.java:40)
      	at cucumber.runtime.Timeout.timeout(Timeout.java:16)
      	at cucumber.runtime.Utils.invoke(Utils.java:34)
      	at cucumber.runtime.java.JavaStepDefinition.execute(JavaStepDefinition.java:38)
      	at cucumber.runtime.StepDefinitionMatch.runStep(StepDefinitionMatch.java:37)
      	at cucumber.runtime.Runtime.runStep(Runtime.java:300)
      	at cucumber.runtime.model.StepContainer.runStep(StepContainer.java:44)
      	at cucumber.runtime.model.StepContainer.runSteps(StepContainer.java:39)
      	at cucumber.runtime.model.CucumberScenario.runBackground(CucumberScenario.java:59)
      	at cucumber.runtime.model.CucumberScenario.run(CucumberScenario.java:42)
      	at cucumber.runtime.model.CucumberFeature.run(CucumberFeature.java:165)
      	at cucumber.api.testng.TestNGCucumberRunner.runCucumber(TestNGCucumberRunner.java:63)
      	at runners.TestRunner.feature(TestRunner.java:31)
      	at sun.reflect.NativeMethodAccessorImpl.invoke0(Native Method)
      	at sun.reflect.NativeMethodAccessorImpl.invoke(NativeMethodAccessorImpl.java:62)
      	at sun.reflect.DelegatingMethodAccessorImpl.invoke(DelegatingMethodAccessorImpl.java:43)
      	at java.lang.reflect.Method.invoke(Method.java:498)
      	at org.testng.internal.MethodInvocationHelper.invokeMethod(MethodInvocationHelper.java:124)
      	at org.testng.internal.Invoker.invokeMethod(Invoker.java:583)
      	at org.testng.internal.Invoker.invokeTestMethod(Invoker.java:719)
      	at org.testng.internal.Invoker.invokeTestMethods(Invoker.java:989)
      	at org.testng.internal.TestMethodWorker.invokeTestMethods(TestMethodWorker.java:125)
      	at org.testng.internal.TestMethodWorker.run(TestMethodWorker.java:109)
      	at org.testng.TestRunner.privateRun(TestRunner.java:648)
      	at org.testng.TestRunner.run(TestRunner.java:505)
      	at org.testng.SuiteRunner.runTest(SuiteRunner.java:455)
      	at org.testng.SuiteRunner.access$000(SuiteRunner.java:40)
      	at org.testng.SuiteRunner$SuiteWorker.run(SuiteRunner.java:489)
      	at org.testng.internal.thread.ThreadUtil$1.call(ThreadUtil.java:52)
      	at java.util.concurrent.FutureTask.run(FutureTask.java:266)
      	at java.util.concurrent.ThreadPoolExecutor.runWorker(ThreadPoolExecutor.java:1149)
      	at java.util.concurrent.ThreadPoolExecutor$Worker.run(ThreadPoolExecutor.java:624)
      	at java.lang.Thread.run(Thread.java:748)
      Caused by: java.net.ConnectException: Connection refused (Connection refused)
      	at java.net.PlainSocketImpl.socketConnect(Native Method)
      	at java.net.AbstractPlainSocketImpl.doConnect(AbstractPlainSocketImpl.java:350)
      	at java.net.AbstractPlainSocketImpl.connectToAddress(AbstractPlainSocketImpl.java:206)
      	at java.net.AbstractPlainSocketImpl.connect(AbstractPlainSocketImpl.java:188)
      	at java.net.SocksSocketImpl.connect(SocksSocketImpl.java:392)
      	at java.net.Socket.connect(Socket.java:589)
      	at okhttp3.internal.platform.Platform.connectSocket(Platform.java:125)
      	at okhttp3.internal.connection.RealConnection.connectSocket(RealConnection.java:238)
      	... 65 more
      &amp#27;[0m
    &amp#27;[36mWhen &amp#27;[0m&amp#27;[36mI click on the login page&amp#27;[0m     &amp#27;[90m# Login.iClickOnTheLoginPage()&amp#27;[0m

  @invalid @regression
  Scenario: Login with invalid password &amp#27;[90m# login.feature:17&amp#27;[0m
    &amp#27;[36mAnd &amp#27;[0m&amp#27;[36mI enter correct username&amp#27;[0m        &amp#27;[90m# Login.iEnterCorrectUsername()&amp#27;[0m
    &amp#27;[36mAnd &amp#27;[0m&amp#27;[36mI enter incorrect password&amp#27;[0m      &amp#27;[90m# Login.iEnterIncorrectPassword()&amp#27;[0m
    &amp#27;[36mAnd &amp#27;[0m&amp#27;[36mI click on the sign in button&amp#27;[0m   &amp#27;[90m# Login.iClickOnTheSignInButton()&amp#27;[0m
    &amp#27;[36mThen &amp#27;[0m&amp#27;[36mI should not be able to log-in&amp#27;[0m &amp#27;[90m# Login.iShouldNotBeAbleToLogIn()&amp#27;[0m
    &amp#27;[36mAnd &amp#27;[0m&amp#27;[36mI close the broswer&amp#27;[0m             &amp#27;[90m# Login.iCloseTheBroswer()&amp#27;[0m

  Background:                          &amp#27;[90m# login.feature:4&amp#27;[0m
    &amp#27;[31mGiven &amp#27;[0m&amp#27;[31mI navigate to dev.giftrt.com&amp#27;[0m &amp#27;[90m# Login.iNavigateToDevGiftrtCom()&amp#27;[0m
      &amp#27;[31morg.openqa.selenium.WebDriverException: java.net.ConnectException: Failed to connect to localhost/0:0:0:0:0:0:0:1:5710
      Build info: version: '3.11.0', revision: 'e59cfb3', time: '2018-03-11T20:26:55.152Z'
      System info: host: 'Oluwaseuns-MacBook-Air.local', ip: 'fe80:0:0:0:31:e06c:6b0c:1021%en0', os.name: 'Mac OS X', os.arch: 'x86_64', os.version: '10.15.4', java.version: '1.8.0_144'
      Driver info: driver.version: FirefoxDriver
      	at org.openqa.selenium.remote.service.DriverCommandExecutor.execute(DriverCommandExecutor.java:92)
      	at org.openqa.selenium.remote.RemoteWebDriver.execute(RemoteWebDriver.java:545)
      	at org.openqa.selenium.remote.RemoteWebDriver.startSession(RemoteWebDriver.java:209)
      	at org.openqa.selenium.remote.RemoteWebDriver.<init>(RemoteWebDriver.java:132)
      	at org.openqa.selenium.firefox.FirefoxDriver.<init>(FirefoxDriver.java:120)
      	at org.openqa.selenium.firefox.FirefoxDriver.<init>(FirefoxDriver.java:98)
      	at StepDefinitions.Login.iNavigateToDevGiftrtCom(Login.java:21)
      	at ✽.Given I navigate to dev.giftrt.com(login.feature:5)
      Caused by: java.net.ConnectException: Failed to connect to localhost/0:0:0:0:0:0:0:1:5710
      	at okhttp3.internal.connection.RealConnection.connectSocket(RealConnection.java:240)
      	at okhttp3.internal.connection.RealConnection.connect(RealConnection.java:158)
      	at okhttp3.internal.connection.StreamAllocation.findConnection(StreamAllocation.java:256)
      	at okhttp3.internal.connection.StreamAllocation.findHealthyConnection(StreamAllocation.java:134)
      	at okhttp3.internal.connection.StreamAllocation.newStream(StreamAllocation.java:113)
      	at okhttp3.internal.connection.ConnectInterceptor.intercept(ConnectInterceptor.java:42)
      	at okhttp3.internal.http.RealInterceptorChain.proceed(RealInterceptorChain.java:147)
      	at okhttp3.internal.http.RealInterceptorChain.proceed(RealInterceptorChain.java:121)
      	at okhttp3.internal.cache.CacheInterceptor.intercept(CacheInterceptor.java:93)
      	at okhttp3.internal.http.RealInterceptorChain.proceed(RealInterceptorChain.java:147)
      	at okhttp3.internal.http.RealInterceptorChain.proceed(RealInterceptorChain.java:121)
      	at okhttp3.internal.http.BridgeInterceptor.intercept(BridgeInterceptor.java:93)
      	at okhttp3.internal.http.RealInterceptorChain.proceed(RealInterceptorChain.java:147)
      	at okhttp3.internal.http.RetryAndFollowUpInterceptor.intercept(RetryAndFollowUpInterceptor.java:125)
      	at okhttp3.internal.http.RealInterceptorChain.proceed(RealInterceptorChain.java:147)
      	at okhttp3.internal.http.RealInterceptorChain.proceed(RealInterceptorChain.java:121)
      	at okhttp3.RealCall.getResponseWithInterceptorChain(RealCall.java:200)
      	at okhttp3.RealCall.execute(RealCall.java:77)
      	at org.openqa.selenium.remote.internal.OkHttpClient.execute(OkHttpClient.java:101)
      	at org.openqa.selenium.remote.ProtocolHandshake.createSession(ProtocolHandshake.java:101)
      	at org.openqa.selenium.remote.ProtocolHandshake.createSession(ProtocolHandshake.java:73)
      	at org.openqa.selenium.remote.HttpCommandExecutor.execute(HttpCommandExecutor.java:136)
      	at org.openqa.selenium.remote.service.DriverCommandExecutor.execute(DriverCommandExecutor.java:83)
      	at org.openqa.selenium.remote.RemoteWebDriver.execute(RemoteWebDriver.java:545)
      	at org.openqa.selenium.remote.RemoteWebDriver.startSession(RemoteWebDriver.java:209)
      	at org.openqa.selenium.remote.RemoteWebDriver.<init>(RemoteWebDriver.java:132)
      	at org.openqa.selenium.firefox.FirefoxDriver.<init>(FirefoxDriver.java:120)
      	at org.openqa.selenium.firefox.FirefoxDriver.<init>(FirefoxDriver.java:98)
      	at StepDefinitions.Login.iNavigateToDevGiftrtCom(Login.java:21)
      	at sun.reflect.NativeMethodAccessorImpl.invoke0(Native Method)
      	at sun.reflect.NativeMethodAccessorImpl.invoke(NativeMethodAccessorImpl.java:62)
      	at sun.reflect.DelegatingMethodAccessorImpl.invoke(DelegatingMethodAccessorImpl.java:43)
      	at java.lang.reflect.Method.invoke(Method.java:498)
      	at cucumber.runtime.Utils$1.call(Utils.java:40)
      	at cucumber.runtime.Timeout.timeout(Timeout.java:16)
      	at cucumber.runtime.Utils.invoke(Utils.java:34)
      	at cucumber.runtime.java.JavaStepDefinition.execute(JavaStepDefinition.java:38)
      	at cucumber.runtime.StepDefinitionMatch.runStep(StepDefinitionMatch.java:37)
      	at cucumber.runtime.Runtime.runStep(Runtime.java:300)
      	at cucumber.runtime.model.StepContainer.runStep(StepContainer.java:44)
      	at cucumber.runtime.model.StepContainer.runSteps(StepContainer.java:39)
      	at cucumber.runtime.model.CucumberScenario.runBackground(CucumberScenario.java:59)
      	at cucumber.runtime.model.CucumberScenario.run(CucumberScenario.java:42)
      	at cucumber.runtime.model.CucumberFeature.run(CucumberFeature.java:165)
      	at cucumber.api.testng.TestNGCucumberRunner.runCucumber(TestNGCucumberRunner.java:63)
      	at runners.TestRunner.feature(TestRunner.java:31)
      	at sun.reflect.NativeMethodAccessorImpl.invoke0(Native Method)
      	at sun.reflect.NativeMethodAccessorImpl.invoke(NativeMethodAccessorImpl.java:62)
      	at sun.reflect.DelegatingMethodAccessorImpl.invoke(DelegatingMethodAccessorImpl.java:43)
      	at java.lang.reflect.Method.invoke(Method.java:498)
      	at org.testng.internal.MethodInvocationHelper.invokeMethod(MethodInvocationHelper.java:124)
      	at org.testng.internal.Invoker.invokeMethod(Invoker.java:583)
      	at org.testng.internal.Invoker.invokeTestMethod(Invoker.java:719)
      	at org.testng.internal.Invoker.invokeTestMethods(Invoker.java:989)
      	at org.testng.internal.TestMethodWorker.invokeTestMethods(TestMethodWorker.java:125)
      	at org.testng.internal.TestMethodWorker.run(TestMethodWorker.java:109)
      	at org.testng.TestRunner.privateRun(TestRunner.java:648)
      	at org.testng.TestRunner.run(TestRunner.java:505)
      	at org.testng.SuiteRunner.runTest(SuiteRunner.java:455)
      	at org.testng.SuiteRunner.access$000(SuiteRunner.java:40)
      	at org.testng.SuiteRunner$SuiteWorker.run(SuiteRunner.java:489)
      	at org.testng.internal.thread.ThreadUtil$1.call(ThreadUtil.java:52)
      	at java.util.concurrent.FutureTask.run(FutureTask.java:266)
      	at java.util.concurrent.ThreadPoolExecutor.runWorker(ThreadPoolExecutor.java:1149)
      	at java.util.concurrent.ThreadPoolExecutor$Worker.run(ThreadPoolExecutor.java:624)
      	at java.lang.Thread.run(Thread.java:748)
      Caused by: java.net.ConnectException: Connection refused (Connection refused)
      	at java.net.PlainSocketImpl.socketConnect(Native Method)
      	at java.net.AbstractPlainSocketImpl.doConnect(AbstractPlainSocketImpl.java:350)
      	at java.net.AbstractPlainSocketImpl.connectToAddress(AbstractPlainSocketImpl.java:206)
      	at java.net.AbstractPlainSocketImpl.connect(AbstractPlainSocketImpl.java:188)
      	at java.net.SocksSocketImpl.connect(SocksSocketImpl.java:392)
      	at java.net.Socket.connect(Socket.java:589)
      	at okhttp3.internal.platform.Platform.connectSocket(Platform.java:125)
      	at okhttp3.internal.connection.RealConnection.connectSocket(RealConnection.java:238)
      	... 65 more
      &amp#27;[0m
    &amp#27;[36mWhen &amp#27;[0m&amp#27;[36mI click on the login page&amp#27;[0m     &amp#27;[90m# Login.iClickOnTheLoginPage()&amp#27;[0m

  @invalid
  Scenario: Login with invalid username &amp#27;[90m# login.feature:25&amp#27;[0m
    &amp#27;[36mAnd &amp#27;[0m&amp#27;[36mI enter invalid username&amp#27;[0m        &amp#27;[90m# Login.iEnterInvalidUsername()&amp#27;[0m
    &amp#27;[36mAnd &amp#27;[0m&amp#27;[36mI enter valid password&amp#27;[0m          &amp#27;[90m# Login.iEnterValidPassword()&amp#27;[0m
    &amp#27;[36mAnd &amp#27;[0m&amp#27;[36mI click on the sign in button&amp#27;[0m   &amp#27;[90m# Login.iClickOnTheSignInButton()&amp#27;[0m
    &amp#27;[36mThen &amp#27;[0m&amp#27;[36mI should not be able to log-in&amp#27;[0m &amp#27;[90m# Login.iShouldNotBeAbleToLogIn()&amp#27;[0m
    &amp#27;[36mAnd &amp#27;[0m&amp#27;[36mI close the broswer&amp#27;[0m             &amp#27;[90m# Login.iCloseTheBroswer()&amp#27;[0m

  Background:                          &amp#27;[90m# login.feature:4&amp#27;[0m
    &amp#27;[31mGiven &amp#27;[0m&amp#27;[31mI navigate to dev.giftrt.com&amp#27;[0m &amp#27;[90m# Login.iNavigateToDevGiftrtCom()&amp#27;[0m
      &amp#27;[31morg.openqa.selenium.WebDriverException: java.net.ConnectException: Failed to connect to localhost/0:0:0:0:0:0:0:1:47672
      Build info: version: '3.11.0', revision: 'e59cfb3', time: '2018-03-11T20:26:55.152Z'
      System info: host: 'Oluwaseuns-MacBook-Air.local', ip: 'fe80:0:0:0:31:e06c:6b0c:1021%en0', os.name: 'Mac OS X', os.arch: 'x86_64', os.version: '10.15.4', java.version: '1.8.0_144'
      Driver info: driver.version: FirefoxDriver
      	at org.openqa.selenium.remote.service.DriverCommandExecutor.execute(DriverCommandExecutor.java:92)
      	at org.openqa.selenium.remote.RemoteWebDriver.execute(RemoteWebDriver.java:545)
      	at org.openqa.selenium.remote.RemoteWebDriver.startSession(RemoteWebDriver.java:209)
      	at org.openqa.selenium.remote.RemoteWebDriver.<init>(RemoteWebDriver.java:132)
      	at org.openqa.selenium.firefox.FirefoxDriver.<init>(FirefoxDriver.java:120)
      	at org.openqa.selenium.firefox.FirefoxDriver.<init>(FirefoxDriver.java:98)
      	at StepDefinitions.Login.iNavigateToDevGiftrtCom(Login.java:21)
      	at ✽.Given I navigate to dev.giftrt.com(login.feature:5)
      Caused by: java.net.ConnectException: Failed to connect to localhost/0:0:0:0:0:0:0:1:47672
      	at okhttp3.internal.connection.RealConnection.connectSocket(RealConnection.java:240)
      	at okhttp3.internal.connection.RealConnection.connect(RealConnection.java:158)
      	at okhttp3.internal.connection.StreamAllocation.findConnection(StreamAllocation.java:256)
      	at okhttp3.internal.connection.StreamAllocation.findHealthyConnection(StreamAllocation.java:134)
      	at okhttp3.internal.connection.StreamAllocation.newStream(StreamAllocation.java:113)
      	at okhttp3.internal.connection.ConnectInterceptor.intercept(ConnectInterceptor.java:42)
      	at okhttp3.internal.http.RealInterceptorChain.proceed(RealInterceptorChain.java:147)
      	at okhttp3.internal.http.RealInterceptorChain.proceed(RealInterceptorChain.java:121)
      	at okhttp3.internal.cache.CacheInterceptor.intercept(CacheInterceptor.java:93)
      	at okhttp3.internal.http.RealInterceptorChain.proceed(RealInterceptorChain.java:147)
      	at okhttp3.internal.http.RealInterceptorChain.proceed(RealInterceptorChain.java:121)
      	at okhttp3.internal.http.BridgeInterceptor.intercept(BridgeInterceptor.java:93)
      	at okhttp3.internal.http.RealInterceptorChain.proceed(RealInterceptorChain.java:147)
      	at okhttp3.internal.http.RetryAndFollowUpInterceptor.intercept(RetryAndFollowUpInterceptor.java:125)
      	at okhttp3.internal.http.RealInterceptorChain.proceed(RealInterceptorChain.java:147)
      	at okhttp3.internal.http.RealInterceptorChain.proceed(RealInterceptorChain.java:121)
      	at okhttp3.RealCall.getResponseWithInterceptorChain(RealCall.java:200)
      	at okhttp3.RealCall.execute(RealCall.java:77)
      	at org.openqa.selenium.remote.internal.OkHttpClient.execute(OkHttpClient.java:101)
      	at org.openqa.selenium.remote.ProtocolHandshake.createSession(ProtocolHandshake.java:101)
      	at org.openqa.selenium.remote.ProtocolHandshake.createSession(ProtocolHandshake.java:73)
      	at org.openqa.selenium.remote.HttpCommandExecutor.execute(HttpCommandExecutor.java:136)
      	at org.openqa.selenium.remote.service.DriverCommandExecutor.execute(DriverCommandExecutor.java:83)
      	at org.openqa.selenium.remote.RemoteWebDriver.execute(RemoteWebDriver.java:545)
      	at org.openqa.selenium.remote.RemoteWebDriver.startSession(RemoteWebDriver.java:209)
      	at org.openqa.selenium.remote.RemoteWebDriver.<init>(RemoteWebDriver.java:132)
      	at org.openqa.selenium.firefox.FirefoxDriver.<init>(FirefoxDriver.java:120)
      	at org.openqa.selenium.firefox.FirefoxDriver.<init>(FirefoxDriver.java:98)
      	at StepDefinitions.Login.iNavigateToDevGiftrtCom(Login.java:21)
      	at sun.reflect.NativeMethodAccessorImpl.invoke0(Native Method)
      	at sun.reflect.NativeMethodAccessorImpl.invoke(NativeMethodAccessorImpl.java:62)
      	at sun.reflect.DelegatingMethodAccessorImpl.invoke(DelegatingMethodAccessorImpl.java:43)
      	at java.lang.reflect.Method.invoke(Method.java:498)
      	at cucumber.runtime.Utils$1.call(Utils.java:40)
      	at cucumber.runtime.Timeout.timeout(Timeout.java:16)
      	at cucumber.runtime.Utils.invoke(Utils.java:34)
      	at cucumber.runtime.java.JavaStepDefinition.execute(JavaStepDefinition.java:38)
      	at cucumber.runtime.StepDefinitionMatch.runStep(StepDefinitionMatch.java:37)
      	at cucumber.runtime.Runtime.runStep(Runtime.java:300)
      	at cucumber.runtime.model.StepContainer.runStep(StepContainer.java:44)
      	at cucumber.runtime.model.StepContainer.runSteps(StepContainer.java:39)
      	at cucumber.runtime.model.CucumberScenario.runBackground(CucumberScenario.java:59)
      	at cucumber.runtime.model.CucumberScenario.run(CucumberScenario.java:42)
      	at cucumber.runtime.model.CucumberFeature.run(CucumberFeature.java:165)
      	at cucumber.api.testng.TestNGCucumberRunner.runCucumber(TestNGCucumberRunner.java:63)
      	at runners.TestRunner.feature(TestRunner.java:31)
      	at sun.reflect.NativeMethodAccessorImpl.invoke0(Native Method)
      	at sun.reflect.NativeMethodAccessorImpl.invoke(NativeMethodAccessorImpl.java:62)
      	at sun.reflect.DelegatingMethodAccessorImpl.invoke(DelegatingMethodAccessorImpl.java:43)
      	at java.lang.reflect.Method.invoke(Method.java:498)
      	at org.testng.internal.MethodInvocationHelper.invokeMethod(MethodInvocationHelper.java:124)
      	at org.testng.internal.Invoker.invokeMethod(Invoker.java:583)
      	at org.testng.internal.Invoker.invokeTestMethod(Invoker.java:719)
      	at org.testng.internal.Invoker.invokeTestMethods(Invoker.java:989)
      	at org.testng.internal.TestMethodWorker.invokeTestMethods(TestMethodWorker.java:125)
      	at org.testng.internal.TestMethodWorker.run(TestMethodWorker.java:109)
      	at org.testng.TestRunner.privateRun(TestRunner.java:648)
      	at org.testng.TestRunner.run(TestRunner.java:505)
      	at org.testng.SuiteRunner.runTest(SuiteRunner.java:455)
      	at org.testng.SuiteRunner.access$000(SuiteRunner.java:40)
      	at org.testng.SuiteRunner$SuiteWorker.run(SuiteRunner.java:489)
      	at org.testng.internal.thread.ThreadUtil$1.call(ThreadUtil.java:52)
      	at java.util.concurrent.FutureTask.run(FutureTask.java:266)
      	at java.util.concurrent.ThreadPoolExecutor.runWorker(ThreadPoolExecutor.java:1149)
      	at java.util.concurrent.ThreadPoolExecutor$Worker.run(ThreadPoolExecutor.java:624)
      	at java.lang.Thread.run(Thread.java:748)
      Caused by: java.net.ConnectException: Connection refused (Connection refused)
      	at java.net.PlainSocketImpl.socketConnect(Native Method)
      	at java.net.AbstractPlainSocketImpl.doConnect(AbstractPlainSocketImpl.java:350)
      	at java.net.AbstractPlainSocketImpl.connectToAddress(AbstractPlainSocketImpl.java:206)
      	at java.net.AbstractPlainSocketImpl.connect(AbstractPlainSocketImpl.java:188)
      	at java.net.SocksSocketImpl.connect(SocksSocketImpl.java:392)
      	at java.net.Socket.connect(Socket.java:589)
      	at okhttp3.internal.platform.Platform.connectSocket(Platform.java:125)
      	at okhttp3.internal.connection.RealConnection.connectSocket(RealConnection.java:238)
      	... 65 more
      &amp#27;[0m
    &amp#27;[36mWhen &amp#27;[0m&amp#27;[36mI click on the login page&amp#27;[0m     &amp#27;[90m# Login.iClickOnTheLoginPage()&amp#27;[0m

  Scenario: Login with parameters                 &amp#27;[90m# login.feature:33&amp#27;[0m
    &amp#27;[36mAnd &amp#27;[0m&amp#27;[36mI enter the username "&amp#27;[0m&amp#27;[36m&amp#27;[1moodukudu@gmail.com&amp#27;[0m&amp#27;[36m"&amp#27;[0m &amp#27;[90m# Login.iEnterTheEmailAddress(String)&amp#27;[0m
    &amp#27;[36mAnd &amp#27;[0m&amp#27;[36mI enter the password "&amp#27;[0m&amp#27;[36m&amp#27;[1moodukudu1&amp#27;[0m&amp#27;[36m"&amp#27;[0m          &amp#27;[90m# Login.iEnterThePassword(String)&amp#27;[0m
    &amp#27;[36mAnd &amp#27;[0m&amp#27;[36mI click on the sign in button&amp#27;[0m             &amp#27;[90m# Login.iClickOnTheSignInButton()&amp#27;[0m
    &amp#27;[36mThen &amp#27;[0m&amp#27;[36mI should be able to log-in&amp#27;[0m               &amp#27;[90m# Login.iShouldBeAbleToLogIn()&amp#27;[0m
    &amp#27;[36mAnd &amp#27;[0m&amp#27;[36mI close the broswer&amp#27;[0m                       &amp#27;[90m# Login.iCloseTheBroswer()&amp#27;[0m

  Background:                          &amp#27;[90m# login.feature:4&amp#27;[0m
    &amp#27;[31mGiven &amp#27;[0m&amp#27;[31mI navigate to dev.giftrt.com&amp#27;[0m &amp#27;[90m# Login.iNavigateToDevGiftrtCom()&amp#27;[0m
      &amp#27;[31morg.openqa.selenium.WebDriverException: java.net.ConnectException: Failed to connect to localhost/0:0:0:0:0:0:0:1:16843
      Build info: version: '3.11.0', revision: 'e59cfb3', time: '2018-03-11T20:26:55.152Z'
      System info: host: 'Oluwaseuns-MacBook-Air.local', ip: 'fe80:0:0:0:31:e06c:6b0c:1021%en0', os.name: 'Mac OS X', os.arch: 'x86_64', os.version: '10.15.4', java.version: '1.8.0_144'
      Driver info: driver.version: FirefoxDriver
      	at org.openqa.selenium.remote.service.DriverCommandExecutor.execute(DriverCommandExecutor.java:92)
      	at org.openqa.selenium.remote.RemoteWebDriver.execute(RemoteWebDriver.java:545)
      	at org.openqa.selenium.remote.RemoteWebDriver.startSession(RemoteWebDriver.java:209)
      	at org.openqa.selenium.remote.RemoteWebDriver.<init>(RemoteWebDriver.java:132)
      	at org.openqa.selenium.firefox.FirefoxDriver.<init>(FirefoxDriver.java:120)
      	at org.openqa.selenium.firefox.FirefoxDriver.<init>(FirefoxDriver.java:98)
      	at StepDefinitions.Login.iNavigateToDevGiftrtCom(Login.java:21)
      	at ✽.Given I navigate to dev.giftrt.com(login.feature:5)
      Caused by: java.net.ConnectException: Failed to connect to localhost/0:0:0:0:0:0:0:1:16843
      	at okhttp3.internal.connection.RealConnection.connectSocket(RealConnection.java:240)
      	at okhttp3.internal.connection.RealConnection.connect(RealConnection.java:158)
      	at okhttp3.internal.connection.StreamAllocation.findConnection(StreamAllocation.java:256)
      	at okhttp3.internal.connection.StreamAllocation.findHealthyConnection(StreamAllocation.java:134)
      	at okhttp3.internal.connection.StreamAllocation.newStream(StreamAllocation.java:113)
      	at okhttp3.internal.connection.ConnectInterceptor.intercept(ConnectInterceptor.java:42)
      	at okhttp3.internal.http.RealInterceptorChain.proceed(RealInterceptorChain.java:147)
      	at okhttp3.internal.http.RealInterceptorChain.proceed(RealInterceptorChain.java:121)
      	at okhttp3.internal.cache.CacheInterceptor.intercept(CacheInterceptor.java:93)
      	at okhttp3.internal.http.RealInterceptorChain.proceed(RealInterceptorChain.java:147)
      	at okhttp3.internal.http.RealInterceptorChain.proceed(RealInterceptorChain.java:121)
      	at okhttp3.internal.http.BridgeInterceptor.intercept(BridgeInterceptor.java:93)
      	at okhttp3.internal.http.RealInterceptorChain.proceed(RealInterceptorChain.java:147)
      	at okhttp3.internal.http.RetryAndFollowUpInterceptor.intercept(RetryAndFollowUpInterceptor.java:125)
      	at okhttp3.internal.http.RealInterceptorChain.proceed(RealInterceptorChain.java:147)
      	at okhttp3.internal.http.RealInterceptorChain.proceed(RealInterceptorChain.java:121)
      	at okhttp3.RealCall.getResponseWithInterceptorChain(RealCall.java:200)
      	at okhttp3.RealCall.execute(RealCall.java:77)
      	at org.openqa.selenium.remote.internal.OkHttpClient.execute(OkHttpClient.java:101)
      	at org.openqa.selenium.remote.ProtocolHandshake.createSession(ProtocolHandshake.java:101)
      	at org.openqa.selenium.remote.ProtocolHandshake.createSession(ProtocolHandshake.java:73)
      	at org.openqa.selenium.remote.HttpCommandExecutor.execute(HttpCommandExecutor.java:136)
      	at org.openqa.selenium.remote.service.DriverCommandExecutor.execute(DriverCommandExecutor.java:83)
      	at org.openqa.selenium.remote.RemoteWebDriver.execute(RemoteWebDriver.java:545)
      	at org.openqa.selenium.remote.RemoteWebDriver.startSession(RemoteWebDriver.java:209)
      	at org.openqa.selenium.remote.RemoteWebDriver.<init>(RemoteWebDriver.java:132)
      	at org.openqa.selenium.firefox.FirefoxDriver.<init>(FirefoxDriver.java:120)
      	at org.openqa.selenium.firefox.FirefoxDriver.<init>(FirefoxDriver.java:98)
      	at StepDefinitions.Login.iNavigateToDevGiftrtCom(Login.java:21)
      	at sun.reflect.NativeMethodAccessorImpl.invoke0(Native Method)
      	at sun.reflect.NativeMethodAccessorImpl.invoke(NativeMethodAccessorImpl.java:62)
      	at sun.reflect.DelegatingMethodAccessorImpl.invoke(DelegatingMethodAccessorImpl.java:43)
      	at java.lang.reflect.Method.invoke(Method.java:498)
      	at cucumber.runtime.Utils$1.call(Utils.java:40)
      	at cucumber.runtime.Timeout.timeout(Timeout.java:16)
      	at cucumber.runtime.Utils.invoke(Utils.java:34)
      	at cucumber.runtime.java.JavaStepDefinition.execute(JavaStepDefinition.java:38)
      	at cucumber.runtime.StepDefinitionMatch.runStep(StepDefinitionMatch.java:37)
      	at cucumber.runtime.Runtime.runStep(Runtime.java:300)
      	at cucumber.runtime.model.StepContainer.runStep(StepContainer.java:44)
      	at cucumber.runtime.model.StepContainer.runSteps(StepContainer.java:39)
      	at cucumber.runtime.model.CucumberScenario.runBackground(CucumberScenario.java:59)
      	at cucumber.runtime.model.CucumberScenario.run(CucumberScenario.java:42)
      	at cucumber.runtime.model.CucumberFeature.run(CucumberFeature.java:165)
      	at cucumber.api.testng.TestNGCucumberRunner.runCucumber(TestNGCucumberRunner.java:63)
      	at runners.TestRunner.feature(TestRunner.java:31)
      	at sun.reflect.NativeMethodAccessorImpl.invoke0(Native Method)
      	at sun.reflect.NativeMethodAccessorImpl.invoke(NativeMethodAccessorImpl.java:62)
      	at sun.reflect.DelegatingMethodAccessorImpl.invoke(DelegatingMethodAccessorImpl.java:43)
      	at java.lang.reflect.Method.invoke(Method.java:498)
      	at org.testng.internal.MethodInvocationHelper.invokeMethod(MethodInvocationHelper.java:124)
      	at org.testng.internal.Invoker.invokeMethod(Invoker.java:583)
      	at org.testng.internal.Invoker.invokeTestMethod(Invoker.java:719)
      	at org.testng.internal.Invoker.invokeTestMethods(Invoker.java:989)
      	at org.testng.internal.TestMethodWorker.invokeTestMethods(TestMethodWorker.java:125)
      	at org.testng.internal.TestMethodWorker.run(TestMethodWorker.java:109)
      	at org.testng.TestRunner.privateRun(TestRunner.java:648)
      	at org.testng.TestRunner.run(TestRunner.java:505)
      	at org.testng.SuiteRunner.runTest(SuiteRunner.java:455)
      	at org.testng.SuiteRunner.access$000(SuiteRunner.java:40)
      	at org.testng.SuiteRunner$SuiteWorker.run(SuiteRunner.java:489)
      	at org.testng.internal.thread.ThreadUtil$1.call(ThreadUtil.java:52)
      	at java.util.concurrent.FutureTask.run(FutureTask.java:266)
      	at java.util.concurrent.ThreadPoolExecutor.runWorker(ThreadPoolExecutor.java:1149)
      	at java.util.concurrent.ThreadPoolExecutor$Worker.run(ThreadPoolExecutor.java:624)
      	at java.lang.Thread.run(Thread.java:748)
      Caused by: java.net.ConnectException: Connection refused (Connection refused)
      	at java.net.PlainSocketImpl.socketConnect(Native Method)
      	at java.net.AbstractPlainSocketImpl.doConnect(AbstractPlainSocketImpl.java:350)
      	at java.net.AbstractPlainSocketImpl.connectToAddress(AbstractPlainSocketImpl.java:206)
      	at java.net.AbstractPlainSocketImpl.connect(AbstractPlainSocketImpl.java:188)
      	at java.net.SocksSocketImpl.connect(SocksSocketImpl.java:392)
      	at java.net.Socket.connect(Socket.java:589)
      	at okhttp3.internal.platform.Platform.connectSocket(Platform.java:125)
      	at okhttp3.internal.connection.RealConnection.connectSocket(RealConnection.java:238)
      	... 65 more
      &amp#27;[0m
    &amp#27;[36mWhen &amp#27;[0m&amp#27;[36mI click on the login page&amp#27;[0m     &amp#27;[90m# Login.iClickOnTheLoginPage()&amp#27;[0m

  Scenario: Invalid Login with parameters   &amp#27;[90m# login.feature:41&amp#27;[0m
    &amp#27;[36mAnd &amp#27;[0m&amp#27;[36mI enter the username "&amp#27;[0m&amp#27;[36m&amp#27;[1moodukudu.com&amp#27;[0m&amp#27;[36m"&amp#27;[0m &amp#27;[90m# Login.iEnterTheEmailAddress(String)&amp#27;[0m
    &amp#27;[36mAnd &amp#27;[0m&amp#27;[36mI enter the password "&amp#27;[0m&amp#27;[36m&amp#27;[1moodukudu100&amp#27;[0m&amp#27;[36m"&amp#27;[0m  &amp#27;[90m# Login.iEnterThePassword(String)&amp#27;[0m
    &amp#27;[36mAnd &amp#27;[0m&amp#27;[36mI click on the sign in button&amp#27;[0m       &amp#27;[90m# Login.iClickOnTheSignInButton()&amp#27;[0m
    &amp#27;[36mThen &amp#27;[0m&amp#27;[36mI should not be able to log-in&amp#27;[0m     &amp#27;[90m# Login.iShouldNotBeAbleToLogIn()&amp#27;[0m
    &amp#27;[36mAnd &amp#27;[0m&amp#27;[36mI close the broswer&amp#27;[0m                 &amp#27;[90m# Login.iCloseTheBroswer()&amp#27;[0m

  Scenario Outline: login with multiple users &amp#27;[90m# login.feature:49&amp#27;[0m
    &amp#27;[36mAnd &amp#27;[0m&amp#27;[36mI enter the username "<username>"&amp#27;[0m
    &amp#27;[36mAnd &amp#27;[0m&amp#27;[36mI enter the password "<password>"&amp#27;[0m
    &amp#27;[36mAnd &amp#27;[0m&amp#27;[36mI click on the sign in button&amp#27;[0m
    &amp#27;[36mThen &amp#27;[0m&amp#27;[36mI should be able to log-in&amp#27;[0m
    &amp#27;[36mAnd &amp#27;[0m&amp#27;[36mI log out&amp#27;[0m
    &amp#27;[36mAnd &amp#27;[0m&amp#27;[36mI close the broswer&amp#27;[0m

    Examples: 

  Background:                          &amp#27;[90m# login.feature:4&amp#27;[0m
    &amp#27;[31mGiven &amp#27;[0m&amp#27;[31mI navigate to dev.giftrt.com&amp#27;[0m &amp#27;[90m# Login.iNavigateToDevGiftrtCom()&amp#27;[0m
      &amp#27;[31morg.openqa.selenium.WebDriverException: java.net.ConnectException: Failed to connect to localhost/0:0:0:0:0:0:0:1:3931
      Build info: version: '3.11.0', revision: 'e59cfb3', time: '2018-03-11T20:26:55.152Z'
      System info: host: 'Oluwaseuns-MacBook-Air.local', ip: 'fe80:0:0:0:31:e06c:6b0c:1021%en0', os.name: 'Mac OS X', os.arch: 'x86_64', os.version: '10.15.4', java.version: '1.8.0_144'
      Driver info: driver.version: FirefoxDriver
      	at org.openqa.selenium.remote.service.DriverCommandExecutor.execute(DriverCommandExecutor.java:92)
      	at org.openqa.selenium.remote.RemoteWebDriver.execute(RemoteWebDriver.java:545)
      	at org.openqa.selenium.remote.RemoteWebDriver.startSession(RemoteWebDriver.java:209)
      	at org.openqa.selenium.remote.RemoteWebDriver.<init>(RemoteWebDriver.java:132)
      	at org.openqa.selenium.firefox.FirefoxDriver.<init>(FirefoxDriver.java:120)
      	at org.openqa.selenium.firefox.FirefoxDriver.<init>(FirefoxDriver.java:98)
      	at StepDefinitions.Login.iNavigateToDevGiftrtCom(Login.java:21)
      	at ✽.Given I navigate to dev.giftrt.com(login.feature:5)
      Caused by: java.net.ConnectException: Failed to connect to localhost/0:0:0:0:0:0:0:1:3931
      	at okhttp3.internal.connection.RealConnection.connectSocket(RealConnection.java:240)
      	at okhttp3.internal.connection.RealConnection.connect(RealConnection.java:158)
      	at okhttp3.internal.connection.StreamAllocation.findConnection(StreamAllocation.java:256)
      	at okhttp3.internal.connection.StreamAllocation.findHealthyConnection(StreamAllocation.java:134)
      	at okhttp3.internal.connection.StreamAllocation.newStream(StreamAllocation.java:113)
      	at okhttp3.internal.connection.ConnectInterceptor.intercept(ConnectInterceptor.java:42)
      	at okhttp3.internal.http.RealInterceptorChain.proceed(RealInterceptorChain.java:147)
      	at okhttp3.internal.http.RealInterceptorChain.proceed(RealInterceptorChain.java:121)
      	at okhttp3.internal.cache.CacheInterceptor.intercept(CacheInterceptor.java:93)
      	at okhttp3.internal.http.RealInterceptorChain.proceed(RealInterceptorChain.java:147)
      	at okhttp3.internal.http.RealInterceptorChain.proceed(RealInterceptorChain.java:121)
      	at okhttp3.internal.http.BridgeInterceptor.intercept(BridgeInterceptor.java:93)
      	at okhttp3.internal.http.RealInterceptorChain.proceed(RealInterceptorChain.java:147)
      	at okhttp3.internal.http.RetryAndFollowUpInterceptor.intercept(RetryAndFollowUpInterceptor.java:125)
      	at okhttp3.internal.http.RealInterceptorChain.proceed(RealInterceptorChain.java:147)
      	at okhttp3.internal.http.RealInterceptorChain.proceed(RealInterceptorChain.java:121)
      	at okhttp3.RealCall.getResponseWithInterceptorChain(RealCall.java:200)
      	at okhttp3.RealCall.execute(RealCall.java:77)
      	at org.openqa.selenium.remote.internal.OkHttpClient.execute(OkHttpClient.java:101)
      	at org.openqa.selenium.remote.ProtocolHandshake.createSession(ProtocolHandshake.java:101)
      	at org.openqa.selenium.remote.ProtocolHandshake.createSession(ProtocolHandshake.java:73)
      	at org.openqa.selenium.remote.HttpCommandExecutor.execute(HttpCommandExecutor.java:136)
      	at org.openqa.selenium.remote.service.DriverCommandExecutor.execute(DriverCommandExecutor.java:83)
      	at org.openqa.selenium.remote.RemoteWebDriver.execute(RemoteWebDriver.java:545)
      	at org.openqa.selenium.remote.RemoteWebDriver.startSession(RemoteWebDriver.java:209)
      	at org.openqa.selenium.remote.RemoteWebDriver.<init>(RemoteWebDriver.java:132)
      	at org.openqa.selenium.firefox.FirefoxDriver.<init>(FirefoxDriver.java:120)
      	at org.openqa.selenium.firefox.FirefoxDriver.<init>(FirefoxDriver.java:98)
      	at StepDefinitions.Login.iNavigateToDevGiftrtCom(Login.java:21)
      	at sun.reflect.NativeMethodAccessorImpl.invoke0(Native Method)
      	at sun.reflect.NativeMethodAccessorImpl.invoke(NativeMethodAccessorImpl.java:62)
      	at sun.reflect.DelegatingMethodAccessorImpl.invoke(DelegatingMethodAccessorImpl.java:43)
      	at java.lang.reflect.Method.invoke(Method.java:498)
      	at cucumber.runtime.Utils$1.call(Utils.java:40)
      	at cucumber.runtime.Timeout.timeout(Timeout.java:16)
      	at cucumber.runtime.Utils.invoke(Utils.java:34)
      	at cucumber.runtime.java.JavaStepDefinition.execute(JavaStepDefinition.java:38)
      	at cucumber.runtime.StepDefinitionMatch.runStep(StepDefinitionMatch.java:37)
      	at cucumber.runtime.Runtime.runStep(Runtime.java:300)
      	at cucumber.runtime.model.StepContainer.runStep(StepContainer.java:44)
      	at cucumber.runtime.model.StepContainer.runSteps(StepContainer.java:39)
      	at cucumber.runtime.model.CucumberScenario.runBackground(CucumberScenario.java:59)
      	at cucumber.runtime.model.CucumberScenario.run(CucumberScenario.java:42)
      	at cucumber.runtime.model.CucumberScenarioOutline.run(CucumberScenarioOutline.java:46)
      	at cucumber.runtime.model.CucumberFeature.run(CucumberFeature.java:165)
      	at cucumber.api.testng.TestNGCucumberRunner.runCucumber(TestNGCucumberRunner.java:63)
      	at runners.TestRunner.feature(TestRunner.java:31)
      	at sun.reflect.NativeMethodAccessorImpl.invoke0(Native Method)
      	at sun.reflect.NativeMethodAccessorImpl.invoke(NativeMethodAccessorImpl.java:62)
      	at sun.reflect.DelegatingMethodAccessorImpl.invoke(DelegatingMethodAccessorImpl.java:43)
      	at java.lang.reflect.Method.invoke(Method.java:498)
      	at org.testng.internal.MethodInvocationHelper.invokeMethod(MethodInvocationHelper.java:124)
      	at org.testng.internal.Invoker.invokeMethod(Invoker.java:583)
      	at org.testng.internal.Invoker.invokeTestMethod(Invoker.java:719)
      	at org.testng.internal.Invoker.invokeTestMethods(Invoker.java:989)
      	at org.testng.internal.TestMethodWorker.invokeTestMethods(TestMethodWorker.java:125)
      	at org.testng.internal.TestMethodWorker.run(TestMethodWorker.java:109)
      	at org.testng.TestRunner.privateRun(TestRunner.java:648)
      	at org.testng.TestRunner.run(TestRunner.java:505)
      	at org.testng.SuiteRunner.runTest(SuiteRunner.java:455)
      	at org.testng.SuiteRunner.access$000(SuiteRunner.java:40)
      	at org.testng.SuiteRunner$SuiteWorker.run(SuiteRunner.java:489)
      	at org.testng.internal.thread.ThreadUtil$1.call(ThreadUtil.java:52)
      	at java.util.concurrent.FutureTask.run(FutureTask.java:266)
      	at java.util.concurrent.ThreadPoolExecutor.runWorker(ThreadPoolExecutor.java:1149)
      	at java.util.concurrent.ThreadPoolExecutor$Worker.run(ThreadPoolExecutor.java:624)
      	at java.lang.Thread.run(Thread.java:748)
      Caused by: java.net.ConnectException: Connection refused (Connection refused)
      	at java.net.PlainSocketImpl.socketConnect(Native Method)
      	at java.net.AbstractPlainSocketImpl.doConnect(AbstractPlainSocketImpl.java:350)
      	at java.net.AbstractPlainSocketImpl.connectToAddress(AbstractPlainSocketImpl.java:206)
      	at java.net.AbstractPlainSocketImpl.connect(AbstractPlainSocketImpl.java:188)
      	at java.net.SocksSocketImpl.connect(SocksSocketImpl.java:392)
      	at java.net.Socket.connect(Socket.java:589)
      	at okhttp3.internal.platform.Platform.connectSocket(Platform.java:125)
      	at okhttp3.internal.connection.RealConnection.connectSocket(RealConnection.java:238)
      	... 66 more
      &amp#27;[0m
    &amp#27;[36mWhen &amp#27;[0m&amp#27;[36mI click on the login page&amp#27;[0m     &amp#27;[90m# Login.iClickOnTheLoginPage()&amp#27;[0m

  Scenario Outline: login with multiple users     &amp#27;[90m# login.feature:59&amp#27;[0m
    &amp#27;[36mAnd &amp#27;[0m&amp#27;[36mI enter the username "&amp#27;[0m&amp#27;[36m&amp#27;[1moodukudu@gmail.com&amp#27;[0m&amp#27;[36m"&amp#27;[0m &amp#27;[90m# Login.iEnterTheEmailAddress(String)&amp#27;[0m
    &amp#27;[36mAnd &amp#27;[0m&amp#27;[36mI enter the password "&amp#27;[0m&amp#27;[36m&amp#27;[1moodukudu1&amp#27;[0m&amp#27;[36m"&amp#27;[0m          &amp#27;[90m# Login.iEnterThePassword(String)&amp#27;[0m
    &amp#27;[36mAnd &amp#27;[0m&amp#27;[36mI click on the sign in button&amp#27;[0m             &amp#27;[90m# Login.iClickOnTheSignInButton()&amp#27;[0m
    &amp#27;[36mThen &amp#27;[0m&amp#27;[36mI should be able to log-in&amp#27;[0m               &amp#27;[90m# Login.iShouldBeAbleToLogIn()&amp#27;[0m
    &amp#27;[36mAnd &amp#27;[0m&amp#27;[36mI log out&amp#27;[0m                                 &amp#27;[90m# Login.iLogOut()&amp#27;[0m
    &amp#27;[36mAnd &amp#27;[0m&amp#27;[36mI close the broswer&amp#27;[0m                       &amp#27;[90m# Login.iCloseTheBroswer()&amp#27;[0m

  Background:                          &amp#27;[90m# login.feature:4&amp#27;[0m
    &amp#27;[31mGiven &amp#27;[0m&amp#27;[31mI navigate to dev.giftrt.com&amp#27;[0m &amp#27;[90m# Login.iNavigateToDevGiftrtCom()&amp#27;[0m
      &amp#27;[31morg.openqa.selenium.WebDriverException: java.net.ConnectException: Failed to connect to localhost/0:0:0:0:0:0:0:1:48571
      Build info: version: '3.11.0', revision: 'e59cfb3', time: '2018-03-11T20:26:55.152Z'
      System info: host: 'Oluwaseuns-MacBook-Air.local', ip: 'fe80:0:0:0:31:e06c:6b0c:1021%en0', os.name: 'Mac OS X', os.arch: 'x86_64', os.version: '10.15.4', java.version: '1.8.0_144'
      Driver info: driver.version: FirefoxDriver
      	at org.openqa.selenium.remote.service.DriverCommandExecutor.execute(DriverCommandExecutor.java:92)
      	at org.openqa.selenium.remote.RemoteWebDriver.execute(RemoteWebDriver.java:545)
      	at org.openqa.selenium.remote.RemoteWebDriver.startSession(RemoteWebDriver.java:209)
      	at org.openqa.selenium.remote.RemoteWebDriver.<init>(RemoteWebDriver.java:132)
      	at org.openqa.selenium.firefox.FirefoxDriver.<init>(FirefoxDriver.java:120)
      	at org.openqa.selenium.firefox.FirefoxDriver.<init>(FirefoxDriver.java:98)
      	at StepDefinitions.Login.iNavigateToDevGiftrtCom(Login.java:21)
      	at ✽.Given I navigate to dev.giftrt.com(login.feature:5)
      Caused by: java.net.ConnectException: Failed to connect to localhost/0:0:0:0:0:0:0:1:48571
      	at okhttp3.internal.connection.RealConnection.connectSocket(RealConnection.java:240)
      	at okhttp3.internal.connection.RealConnection.connect(RealConnection.java:158)
      	at okhttp3.internal.connection.StreamAllocation.findConnection(StreamAllocation.java:256)
      	at okhttp3.internal.connection.StreamAllocation.findHealthyConnection(StreamAllocation.java:134)
      	at okhttp3.internal.connection.StreamAllocation.newStream(StreamAllocation.java:113)
      	at okhttp3.internal.connection.ConnectInterceptor.intercept(ConnectInterceptor.java:42)
      	at okhttp3.internal.http.RealInterceptorChain.proceed(RealInterceptorChain.java:147)
      	at okhttp3.internal.http.RealInterceptorChain.proceed(RealInterceptorChain.java:121)
      	at okhttp3.internal.cache.CacheInterceptor.intercept(CacheInterceptor.java:93)
      	at okhttp3.internal.http.RealInterceptorChain.proceed(RealInterceptorChain.java:147)
      	at okhttp3.internal.http.RealInterceptorChain.proceed(RealInterceptorChain.java:121)
      	at okhttp3.internal.http.BridgeInterceptor.intercept(BridgeInterceptor.java:93)
      	at okhttp3.internal.http.RealInterceptorChain.proceed(RealInterceptorChain.java:147)
      	at okhttp3.internal.http.RetryAndFollowUpInterceptor.intercept(RetryAndFollowUpInterceptor.java:125)
      	at okhttp3.internal.http.RealInterceptorChain.proceed(RealInterceptorChain.java:147)
      	at okhttp3.internal.http.RealInterceptorChain.proceed(RealInterceptorChain.java:121)
      	at okhttp3.RealCall.getResponseWithInterceptorChain(RealCall.java:200)
      	at okhttp3.RealCall.execute(RealCall.java:77)
      	at org.openqa.selenium.remote.internal.OkHttpClient.execute(OkHttpClient.java:101)
      	at org.openqa.selenium.remote.ProtocolHandshake.createSession(ProtocolHandshake.java:101)
      	at org.openqa.selenium.remote.ProtocolHandshake.createSession(ProtocolHandshake.java:73)
      	at org.openqa.selenium.remote.HttpCommandExecutor.execute(HttpCommandExecutor.java:136)
      	at org.openqa.selenium.remote.service.DriverCommandExecutor.execute(DriverCommandExecutor.java:83)
      	at org.openqa.selenium.remote.RemoteWebDriver.execute(RemoteWebDriver.java:545)
      	at org.openqa.selenium.remote.RemoteWebDriver.startSession(RemoteWebDriver.java:209)
      	at org.openqa.selenium.remote.RemoteWebDriver.<init>(RemoteWebDriver.java:132)
      	at org.openqa.selenium.firefox.FirefoxDriver.<init>(FirefoxDriver.java:120)
      	at org.openqa.selenium.firefox.FirefoxDriver.<init>(FirefoxDriver.java:98)
      	at StepDefinitions.Login.iNavigateToDevGiftrtCom(Login.java:21)
      	at sun.reflect.NativeMethodAccessorImpl.invoke0(Native Method)
      	at sun.reflect.NativeMethodAccessorImpl.invoke(NativeMethodAccessorImpl.java:62)
      	at sun.reflect.DelegatingMethodAccessorImpl.invoke(DelegatingMethodAccessorImpl.java:43)
      	at java.lang.reflect.Method.invoke(Method.java:498)
      	at cucumber.runtime.Utils$1.call(Utils.java:40)
      	at cucumber.runtime.Timeout.timeout(Timeout.java:16)
      	at cucumber.runtime.Utils.invoke(Utils.java:34)
      	at cucumber.runtime.java.JavaStepDefinition.execute(JavaStepDefinition.java:38)
      	at cucumber.runtime.StepDefinitionMatch.runStep(StepDefinitionMatch.java:37)
      	at cucumber.runtime.Runtime.runStep(Runtime.java:300)
      	at cucumber.runtime.model.StepContainer.runStep(StepContainer.java:44)
      	at cucumber.runtime.model.StepContainer.runSteps(StepContainer.java:39)
      	at cucumber.runtime.model.CucumberScenario.runBackground(CucumberScenario.java:59)
      	at cucumber.runtime.model.CucumberScenario.run(CucumberScenario.java:42)
      	at cucumber.runtime.model.CucumberScenarioOutline.run(CucumberScenarioOutline.java:46)
      	at cucumber.runtime.model.CucumberFeature.run(CucumberFeature.java:165)
      	at cucumber.api.testng.TestNGCucumberRunner.runCucumber(TestNGCucumberRunner.java:63)
      	at runners.TestRunner.feature(TestRunner.java:31)
      	at sun.reflect.NativeMethodAccessorImpl.invoke0(Native Method)
      	at sun.reflect.NativeMethodAccessorImpl.invoke(NativeMethodAccessorImpl.java:62)
      	at sun.reflect.DelegatingMethodAccessorImpl.invoke(DelegatingMethodAccessorImpl.java:43)
      	at java.lang.reflect.Method.invoke(Method.java:498)
      	at org.testng.internal.MethodInvocationHelper.invokeMethod(MethodInvocationHelper.java:124)
      	at org.testng.internal.Invoker.invokeMethod(Invoker.java:583)
      	at org.testng.internal.Invoker.invokeTestMethod(Invoker.java:719)
      	at org.testng.internal.Invoker.invokeTestMethods(Invoker.java:989)
      	at org.testng.internal.TestMethodWorker.invokeTestMethods(TestMethodWorker.java:125)
      	at org.testng.internal.TestMethodWorker.run(TestMethodWorker.java:109)
      	at org.testng.TestRunner.privateRun(TestRunner.java:648)
      	at org.testng.TestRunner.run(TestRunner.java:505)
      	at org.testng.SuiteRunner.runTest(SuiteRunner.java:455)
      	at org.testng.SuiteRunner.access$000(SuiteRunner.java:40)
      	at org.testng.SuiteRunner$SuiteWorker.run(SuiteRunner.java:489)
      	at org.testng.internal.thread.ThreadUtil$1.call(ThreadUtil.java:52)
      	at java.util.concurrent.FutureTask.run(FutureTask.java:266)
      	at java.util.concurrent.ThreadPoolExecutor.runWorker(ThreadPoolExecutor.java:1149)
      	at java.util.concurrent.ThreadPoolExecutor$Worker.run(ThreadPoolExecutor.java:624)
      	at java.lang.Thread.run(Thread.java:748)
      Caused by: java.net.ConnectException: Connection refused (Connection refused)
      	at java.net.PlainSocketImpl.socketConnect(Native Method)
      	at java.net.AbstractPlainSocketImpl.doConnect(AbstractPlainSocketImpl.java:350)
      	at java.net.AbstractPlainSocketImpl.connectToAddress(AbstractPlainSocketImpl.java:206)
      	at java.net.AbstractPlainSocketImpl.connect(AbstractPlainSocketImpl.java:188)
      	at java.net.SocksSocketImpl.connect(SocksSocketImpl.java:392)
      	at java.net.Socket.connect(Socket.java:589)
      	at okhttp3.internal.platform.Platform.connectSocket(Platform.java:125)
      	at okhttp3.internal.connection.RealConnection.connectSocket(RealConnection.java:238)
      	... 66 more
      &amp#27;[0m
    &amp#27;[36mWhen &amp#27;[0m&amp#27;[36mI click on the login page&amp#27;[0m     &amp#27;[90m# Login.iClickOnTheLoginPage()&amp#27;[0m

  Scenario Outline: login with multiple users     &amp#27;[90m# login.feature:60&amp#27;[0m
    &amp#27;[36mAnd &amp#27;[0m&amp#27;[36mI enter the username "&amp#27;[0m&amp#27;[36m&amp#27;[1moodukudu@yahoo.com&amp#27;[0m&amp#27;[36m"&amp#27;[0m &amp#27;[90m# Login.iEnterTheEmailAddress(String)&amp#27;[0m
    &amp#27;[36mAnd &amp#27;[0m&amp#27;[36mI enter the password "&amp#27;[0m&amp#27;[36m&amp#27;[1moodukudu200&amp#27;[0m&amp#27;[36m"&amp#27;[0m        &amp#27;[90m# Login.iEnterThePassword(String)&amp#27;[0m
    &amp#27;[36mAnd &amp#27;[0m&amp#27;[36mI click on the sign in button&amp#27;[0m             &amp#27;[90m# Login.iClickOnTheSignInButton()&amp#27;[0m
    &amp#27;[36mThen &amp#27;[0m&amp#27;[36mI should be able to log-in&amp#27;[0m               &amp#27;[90m# Login.iShouldBeAbleToLogIn()&amp#27;[0m
    &amp#27;[36mAnd &amp#27;[0m&amp#27;[36mI log out&amp#27;[0m                                 &amp#27;[90m# Login.iLogOut()&amp#27;[0m
    &amp#27;[36mAnd &amp#27;[0m&amp#27;[36mI close the broswer&amp#27;[0m                       &amp#27;[90m# Login.iCloseTheBroswer()&amp#27;[0m
]]></system-out>
  </testcase>
  <testcase name="feature" classname="runners.TestRunner" time="0.006"/>
  <testcase name="feature" classname="runners.TestRunner" time="43.635">
    <failure message="org.openqa.selenium.WebDriverException: java.net.ConnectException: Failed to connect to localhost/0:0:0:0:0:0:0:1:33514&#10;Build info: version: &apos;3.11.0&apos;, revision: &apos;e59cfb3&apos;, time: &apos;2018-03-11T20:26:55.152Z&apos;&#10;System info: host: &apos;Oluwaseuns-MacBook-Air.local&apos;, ip: &apos;fe80:0:0:0:31:e06c:6b0c:1021%en0&apos;, os.name: &apos;Mac OS X&apos;, os.arch: &apos;x86_64&apos;, os.version: &apos;10.15.4&apos;, java.version: &apos;1.8.0_144&apos;&#10;Driver info: driver.version: FirefoxDriver" type="cucumber.runtime.CucumberException">cucumber.runtime.CucumberException: 
org.openqa.selenium.WebDriverException: java.net.ConnectException: Failed to connect to localhost/0:0:0:0:0:0:0:1:33514
Build info: version: '3.11.0', revision: 'e59cfb3', time: '2018-03-11T20:26:55.152Z'
System info: host: 'Oluwaseuns-MacBook-Air.local', ip: 'fe80:0:0:0:31:e06c:6b0c:1021%en0', os.name: 'Mac OS X', os.arch: 'x86_64', os.version: '10.15.4', java.version: '1.8.0_144'
Driver info: driver.version: FirefoxDriver
	at runners.TestRunner.feature(TestRunner.java:31)
Caused by: org.openqa.selenium.WebDriverException: 
java.net.ConnectException: Failed to connect to localhost/0:0:0:0:0:0:0:1:33514
Build info: version: '3.11.0', revision: 'e59cfb3', time: '2018-03-11T20:26:55.152Z'
System info: host: 'Oluwaseuns-MacBook-Air.local', ip: 'fe80:0:0:0:31:e06c:6b0c:1021%en0', os.name: 'Mac OS X', os.arch: 'x86_64', os.version: '10.15.4', java.version: '1.8.0_144'
Driver info: driver.version: FirefoxDriver
Caused by: java.net.ConnectException: Failed to connect to localhost/0:0:0:0:0:0:0:1:33514
	at runners.TestRunner.feature(TestRunner.java:31)
Caused by: java.net.ConnectException: Connection refused (Connection refused)
	at runners.TestRunner.feature(TestRunner.java:31)
</failure>
    <system-out><![CDATA[Feature: Registration
  As a user of giftrete, I want to register
  so that i can use the site

  Scenario: Valid Registration              &amp#27;[90m# registration.feature:5&amp#27;[0m
    &amp#27;[31mGiven &amp#27;[0m&amp#27;[31mI navigate to dev.giftrt.com&amp#27;[0m      &amp#27;[90m# Login.iNavigateToDevGiftrtCom()&amp#27;[0m
      &amp#27;[31morg.openqa.selenium.WebDriverException: java.net.ConnectException: Failed to connect to localhost/0:0:0:0:0:0:0:1:33514
      Build info: version: '3.11.0', revision: 'e59cfb3', time: '2018-03-11T20:26:55.152Z'
      System info: host: 'Oluwaseuns-MacBook-Air.local', ip: 'fe80:0:0:0:31:e06c:6b0c:1021%en0', os.name: 'Mac OS X', os.arch: 'x86_64', os.version: '10.15.4', java.version: '1.8.0_144'
      Driver info: driver.version: FirefoxDriver
      	at org.openqa.selenium.remote.service.DriverCommandExecutor.execute(DriverCommandExecutor.java:92)
      	at org.openqa.selenium.remote.RemoteWebDriver.execute(RemoteWebDriver.java:545)
      	at org.openqa.selenium.remote.RemoteWebDriver.startSession(RemoteWebDriver.java:209)
      	at org.openqa.selenium.remote.RemoteWebDriver.<init>(RemoteWebDriver.java:132)
      	at org.openqa.selenium.firefox.FirefoxDriver.<init>(FirefoxDriver.java:120)
      	at org.openqa.selenium.firefox.FirefoxDriver.<init>(FirefoxDriver.java:98)
      	at StepDefinitions.Login.iNavigateToDevGiftrtCom(Login.java:21)
      	at ✽.Given I navigate to dev.giftrt.com(registration.feature:6)
      Caused by: java.net.ConnectException: Failed to connect to localhost/0:0:0:0:0:0:0:1:33514
      	at okhttp3.internal.connection.RealConnection.connectSocket(RealConnection.java:240)
      	at okhttp3.internal.connection.RealConnection.connect(RealConnection.java:158)
      	at okhttp3.internal.connection.StreamAllocation.findConnection(StreamAllocation.java:256)
      	at okhttp3.internal.connection.StreamAllocation.findHealthyConnection(StreamAllocation.java:134)
      	at okhttp3.internal.connection.StreamAllocation.newStream(StreamAllocation.java:113)
      	at okhttp3.internal.connection.ConnectInterceptor.intercept(ConnectInterceptor.java:42)
      	at okhttp3.internal.http.RealInterceptorChain.proceed(RealInterceptorChain.java:147)
      	at okhttp3.internal.http.RealInterceptorChain.proceed(RealInterceptorChain.java:121)
      	at okhttp3.internal.cache.CacheInterceptor.intercept(CacheInterceptor.java:93)
      	at okhttp3.internal.http.RealInterceptorChain.proceed(RealInterceptorChain.java:147)
      	at okhttp3.internal.http.RealInterceptorChain.proceed(RealInterceptorChain.java:121)
      	at okhttp3.internal.http.BridgeInterceptor.intercept(BridgeInterceptor.java:93)
      	at okhttp3.internal.http.RealInterceptorChain.proceed(RealInterceptorChain.java:147)
      	at okhttp3.internal.http.RetryAndFollowUpInterceptor.intercept(RetryAndFollowUpInterceptor.java:125)
      	at okhttp3.internal.http.RealInterceptorChain.proceed(RealInterceptorChain.java:147)
      	at okhttp3.internal.http.RealInterceptorChain.proceed(RealInterceptorChain.java:121)
      	at okhttp3.RealCall.getResponseWithInterceptorChain(RealCall.java:200)
      	at okhttp3.RealCall.execute(RealCall.java:77)
      	at org.openqa.selenium.remote.internal.OkHttpClient.execute(OkHttpClient.java:101)
      	at org.openqa.selenium.remote.ProtocolHandshake.createSession(ProtocolHandshake.java:101)
      	at org.openqa.selenium.remote.ProtocolHandshake.createSession(ProtocolHandshake.java:73)
      	at org.openqa.selenium.remote.HttpCommandExecutor.execute(HttpCommandExecutor.java:136)
      	at org.openqa.selenium.remote.service.DriverCommandExecutor.execute(DriverCommandExecutor.java:83)
      	at org.openqa.selenium.remote.RemoteWebDriver.execute(RemoteWebDriver.java:545)
      	at org.openqa.selenium.remote.RemoteWebDriver.startSession(RemoteWebDriver.java:209)
      	at org.openqa.selenium.remote.RemoteWebDriver.<init>(RemoteWebDriver.java:132)
      	at org.openqa.selenium.firefox.FirefoxDriver.<init>(FirefoxDriver.java:120)
      	at org.openqa.selenium.firefox.FirefoxDriver.<init>(FirefoxDriver.java:98)
      	at StepDefinitions.Login.iNavigateToDevGiftrtCom(Login.java:21)
      	at sun.reflect.NativeMethodAccessorImpl.invoke0(Native Method)
      	at sun.reflect.NativeMethodAccessorImpl.invoke(NativeMethodAccessorImpl.java:62)
      	at sun.reflect.DelegatingMethodAccessorImpl.invoke(DelegatingMethodAccessorImpl.java:43)
      	at java.lang.reflect.Method.invoke(Method.java:498)
      	at cucumber.runtime.Utils$1.call(Utils.java:40)
      	at cucumber.runtime.Timeout.timeout(Timeout.java:16)
      	at cucumber.runtime.Utils.invoke(Utils.java:34)
      	at cucumber.runtime.java.JavaStepDefinition.execute(JavaStepDefinition.java:38)
      	at cucumber.runtime.StepDefinitionMatch.runStep(StepDefinitionMatch.java:37)
      	at cucumber.runtime.Runtime.runStep(Runtime.java:300)
      	at cucumber.runtime.model.StepContainer.runStep(StepContainer.java:44)
      	at cucumber.runtime.model.StepContainer.runSteps(StepContainer.java:39)
      	at cucumber.runtime.model.CucumberScenario.run(CucumberScenario.java:44)
      	at cucumber.runtime.model.CucumberFeature.run(CucumberFeature.java:165)
      	at cucumber.api.testng.TestNGCucumberRunner.runCucumber(TestNGCucumberRunner.java:63)
      	at runners.TestRunner.feature(TestRunner.java:31)
      	at sun.reflect.NativeMethodAccessorImpl.invoke0(Native Method)
      	at sun.reflect.NativeMethodAccessorImpl.invoke(NativeMethodAccessorImpl.java:62)
      	at sun.reflect.DelegatingMethodAccessorImpl.invoke(DelegatingMethodAccessorImpl.java:43)
      	at java.lang.reflect.Method.invoke(Method.java:498)
      	at org.testng.internal.MethodInvocationHelper.invokeMethod(MethodInvocationHelper.java:124)
      	at org.testng.internal.Invoker.invokeMethod(Invoker.java:583)
      	at org.testng.internal.Invoker.invokeTestMethod(Invoker.java:719)
      	at org.testng.internal.Invoker.invokeTestMethods(Invoker.java:989)
      	at org.testng.internal.TestMethodWorker.invokeTestMethods(TestMethodWorker.java:125)
      	at org.testng.internal.TestMethodWorker.run(TestMethodWorker.java:109)
      	at org.testng.TestRunner.privateRun(TestRunner.java:648)
      	at org.testng.TestRunner.run(TestRunner.java:505)
      	at org.testng.SuiteRunner.runTest(SuiteRunner.java:455)
      	at org.testng.SuiteRunner.access$000(SuiteRunner.java:40)
      	at org.testng.SuiteRunner$SuiteWorker.run(SuiteRunner.java:489)
      	at org.testng.internal.thread.ThreadUtil$1.call(ThreadUtil.java:52)
      	at java.util.concurrent.FutureTask.run(FutureTask.java:266)
      	at java.util.concurrent.ThreadPoolExecutor.runWorker(ThreadPoolExecutor.java:1149)
      	at java.util.concurrent.ThreadPoolExecutor$Worker.run(ThreadPoolExecutor.java:624)
      	at java.lang.Thread.run(Thread.java:748)
      Caused by: java.net.ConnectException: Connection refused (Connection refused)
      	at java.net.PlainSocketImpl.socketConnect(Native Method)
      	at java.net.AbstractPlainSocketImpl.doConnect(AbstractPlainSocketImpl.java:350)
      	at java.net.AbstractPlainSocketImpl.connectToAddress(AbstractPlainSocketImpl.java:206)
      	at java.net.AbstractPlainSocketImpl.connect(AbstractPlainSocketImpl.java:188)
      	at java.net.SocksSocketImpl.connect(SocksSocketImpl.java:392)
      	at java.net.Socket.connect(Socket.java:589)
      	at okhttp3.internal.platform.Platform.connectSocket(Platform.java:125)
      	at okhttp3.internal.connection.RealConnection.connectSocket(RealConnection.java:238)
      	... 64 more
      &amp#27;[0m
    &amp#27;[36mWhen &amp#27;[0m&amp#27;[36mI click on register link&amp#27;[0m           &amp#27;[90m# RegistrationSteps.iClickOnRegisterLink()&amp#27;[0m
    &amp#27;[36mAnd &amp#27;[0m&amp#27;[36mI fill in all the registration data&amp#27;[0m &amp#27;[90m# RegistrationSteps.i_fill_in_all_the_registration_data()&amp#27;[0m
    &amp#27;[36mAnd &amp#27;[0m&amp#27;[36mI click on the sign up button&amp#27;[0m       &amp#27;[90m# RegistrationSteps.iClickOnTheSignUpButton()&amp#27;[0m
    &amp#27;[36mThen &amp#27;[0m&amp#27;[36mI should be registered&amp#27;[0m             &amp#27;[90m# RegistrationSteps.iShouldBeRegistered()&amp#27;[0m

  Scenario: Invalid Registration            &amp#27;[90m# registration.feature:12&amp#27;[0m
    &amp#27;[31mGiven &amp#27;[0m&amp#27;[31mI navigate to dev.giftrt.com&amp#27;[0m      &amp#27;[90m# Login.iNavigateToDevGiftrtCom()&amp#27;[0m
      &amp#27;[31morg.openqa.selenium.WebDriverException: java.net.ConnectException: Failed to connect to localhost/0:0:0:0:0:0:0:1:40578
      Build info: version: '3.11.0', revision: 'e59cfb3', time: '2018-03-11T20:26:55.152Z'
      System info: host: 'Oluwaseuns-MacBook-Air.local', ip: 'fe80:0:0:0:31:e06c:6b0c:1021%en0', os.name: 'Mac OS X', os.arch: 'x86_64', os.version: '10.15.4', java.version: '1.8.0_144'
      Driver info: driver.version: FirefoxDriver
      	at org.openqa.selenium.remote.service.DriverCommandExecutor.execute(DriverCommandExecutor.java:92)
      	at org.openqa.selenium.remote.RemoteWebDriver.execute(RemoteWebDriver.java:545)
      	at org.openqa.selenium.remote.RemoteWebDriver.startSession(RemoteWebDriver.java:209)
      	at org.openqa.selenium.remote.RemoteWebDriver.<init>(RemoteWebDriver.java:132)
      	at org.openqa.selenium.firefox.FirefoxDriver.<init>(FirefoxDriver.java:120)
      	at org.openqa.selenium.firefox.FirefoxDriver.<init>(FirefoxDriver.java:98)
      	at StepDefinitions.Login.iNavigateToDevGiftrtCom(Login.java:21)
      	at ✽.Given I navigate to dev.giftrt.com(registration.feature:13)
      Caused by: java.net.ConnectException: Failed to connect to localhost/0:0:0:0:0:0:0:1:40578
      	at okhttp3.internal.connection.RealConnection.connectSocket(RealConnection.java:240)
      	at okhttp3.internal.connection.RealConnection.connect(RealConnection.java:158)
      	at okhttp3.internal.connection.StreamAllocation.findConnection(StreamAllocation.java:256)
      	at okhttp3.internal.connection.StreamAllocation.findHealthyConnection(StreamAllocation.java:134)
      	at okhttp3.internal.connection.StreamAllocation.newStream(StreamAllocation.java:113)
      	at okhttp3.internal.connection.ConnectInterceptor.intercept(ConnectInterceptor.java:42)
      	at okhttp3.internal.http.RealInterceptorChain.proceed(RealInterceptorChain.java:147)
      	at okhttp3.internal.http.RealInterceptorChain.proceed(RealInterceptorChain.java:121)
      	at okhttp3.internal.cache.CacheInterceptor.intercept(CacheInterceptor.java:93)
      	at okhttp3.internal.http.RealInterceptorChain.proceed(RealInterceptorChain.java:147)
      	at okhttp3.internal.http.RealInterceptorChain.proceed(RealInterceptorChain.java:121)
      	at okhttp3.internal.http.BridgeInterceptor.intercept(BridgeInterceptor.java:93)
      	at okhttp3.internal.http.RealInterceptorChain.proceed(RealInterceptorChain.java:147)
      	at okhttp3.internal.http.RetryAndFollowUpInterceptor.intercept(RetryAndFollowUpInterceptor.java:125)
      	at okhttp3.internal.http.RealInterceptorChain.proceed(RealInterceptorChain.java:147)
      	at okhttp3.internal.http.RealInterceptorChain.proceed(RealInterceptorChain.java:121)
      	at okhttp3.RealCall.getResponseWithInterceptorChain(RealCall.java:200)
      	at okhttp3.RealCall.execute(RealCall.java:77)
      	at org.openqa.selenium.remote.internal.OkHttpClient.execute(OkHttpClient.java:101)
      	at org.openqa.selenium.remote.ProtocolHandshake.createSession(ProtocolHandshake.java:101)
      	at org.openqa.selenium.remote.ProtocolHandshake.createSession(ProtocolHandshake.java:73)
      	at org.openqa.selenium.remote.HttpCommandExecutor.execute(HttpCommandExecutor.java:136)
      	at org.openqa.selenium.remote.service.DriverCommandExecutor.execute(DriverCommandExecutor.java:83)
      	at org.openqa.selenium.remote.RemoteWebDriver.execute(RemoteWebDriver.java:545)
      	at org.openqa.selenium.remote.RemoteWebDriver.startSession(RemoteWebDriver.java:209)
      	at org.openqa.selenium.remote.RemoteWebDriver.<init>(RemoteWebDriver.java:132)
      	at org.openqa.selenium.firefox.FirefoxDriver.<init>(FirefoxDriver.java:120)
      	at org.openqa.selenium.firefox.FirefoxDriver.<init>(FirefoxDriver.java:98)
      	at StepDefinitions.Login.iNavigateToDevGiftrtCom(Login.java:21)
      	at sun.reflect.NativeMethodAccessorImpl.invoke0(Native Method)
      	at sun.reflect.NativeMethodAccessorImpl.invoke(NativeMethodAccessorImpl.java:62)
      	at sun.reflect.DelegatingMethodAccessorImpl.invoke(DelegatingMethodAccessorImpl.java:43)
      	at java.lang.reflect.Method.invoke(Method.java:498)
      	at cucumber.runtime.Utils$1.call(Utils.java:40)
      	at cucumber.runtime.Timeout.timeout(Timeout.java:16)
      	at cucumber.runtime.Utils.invoke(Utils.java:34)
      	at cucumber.runtime.java.JavaStepDefinition.execute(JavaStepDefinition.java:38)
      	at cucumber.runtime.StepDefinitionMatch.runStep(StepDefinitionMatch.java:37)
      	at cucumber.runtime.Runtime.runStep(Runtime.java:300)
      	at cucumber.runtime.model.StepContainer.runStep(StepContainer.java:44)
      	at cucumber.runtime.model.StepContainer.runSteps(StepContainer.java:39)
      	at cucumber.runtime.model.CucumberScenario.run(CucumberScenario.java:44)
      	at cucumber.runtime.model.CucumberFeature.run(CucumberFeature.java:165)
      	at cucumber.api.testng.TestNGCucumberRunner.runCucumber(TestNGCucumberRunner.java:63)
      	at runners.TestRunner.feature(TestRunner.java:31)
      	at sun.reflect.NativeMethodAccessorImpl.invoke0(Native Method)
      	at sun.reflect.NativeMethodAccessorImpl.invoke(NativeMethodAccessorImpl.java:62)
      	at sun.reflect.DelegatingMethodAccessorImpl.invoke(DelegatingMethodAccessorImpl.java:43)
      	at java.lang.reflect.Method.invoke(Method.java:498)
      	at org.testng.internal.MethodInvocationHelper.invokeMethod(MethodInvocationHelper.java:124)
      	at org.testng.internal.Invoker.invokeMethod(Invoker.java:583)
      	at org.testng.internal.Invoker.invokeTestMethod(Invoker.java:719)
      	at org.testng.internal.Invoker.invokeTestMethods(Invoker.java:989)
      	at org.testng.internal.TestMethodWorker.invokeTestMethods(TestMethodWorker.java:125)
      	at org.testng.internal.TestMethodWorker.run(TestMethodWorker.java:109)
      	at org.testng.TestRunner.privateRun(TestRunner.java:648)
      	at org.testng.TestRunner.run(TestRunner.java:505)
      	at org.testng.SuiteRunner.runTest(SuiteRunner.java:455)
      	at org.testng.SuiteRunner.access$000(SuiteRunner.java:40)
      	at org.testng.SuiteRunner$SuiteWorker.run(SuiteRunner.java:489)
      	at org.testng.internal.thread.ThreadUtil$1.call(ThreadUtil.java:52)
      	at java.util.concurrent.FutureTask.run(FutureTask.java:266)
      	at java.util.concurrent.ThreadPoolExecutor.runWorker(ThreadPoolExecutor.java:1149)
      	at java.util.concurrent.ThreadPoolExecutor$Worker.run(ThreadPoolExecutor.java:624)
      	at java.lang.Thread.run(Thread.java:748)
      Caused by: java.net.ConnectException: Connection refused (Connection refused)
      	at java.net.PlainSocketImpl.socketConnect(Native Method)
      	at java.net.AbstractPlainSocketImpl.doConnect(AbstractPlainSocketImpl.java:350)
      	at java.net.AbstractPlainSocketImpl.connectToAddress(AbstractPlainSocketImpl.java:206)
      	at java.net.AbstractPlainSocketImpl.connect(AbstractPlainSocketImpl.java:188)
      	at java.net.SocksSocketImpl.connect(SocksSocketImpl.java:392)
      	at java.net.Socket.connect(Socket.java:589)
      	at okhttp3.internal.platform.Platform.connectSocket(Platform.java:125)
      	at okhttp3.internal.connection.RealConnection.connectSocket(RealConnection.java:238)
      	... 64 more
      &amp#27;[0m
    &amp#27;[36mWhen &amp#27;[0m&amp#27;[36mI click on register link&amp#27;[0m           &amp#27;[90m# RegistrationSteps.iClickOnRegisterLink()&amp#27;[0m
    &amp#27;[36mAnd &amp#27;[0m&amp#27;[36mI fill in all the registration data&amp#27;[0m &amp#27;[90m# RegistrationSteps.i_fill_in_all_the_registration_data()&amp#27;[0m
    &amp#27;[36mAnd &amp#27;[0m&amp#27;[36mI click on the sign up button&amp#27;[0m       &amp#27;[90m# RegistrationSteps.iClickOnTheSignUpButton()&amp#27;[0m
    &amp#27;[36mThen &amp#27;[0m&amp#27;[36mI should not be registered&amp#27;[0m         &amp#27;[90m# RegistrationSteps.iShouldNotBeRegistered()&amp#27;[0m
]]></system-out>
  </testcase>
</testsuite>