<?xml version="1.0" encoding="UTF-8"?>
<testng-results skipped="0" failed="0" ignored="0" total="3" passed="3">
  <reporter-output>
  </reporter-output>
  <suite name="BDD Test Suite" duration-ms="83272" started-at="2018-07-09T19:58:18Z" finished-at="2018-07-09T19:59:42Z">
    <groups>
      <group name="cucumber">
        <method signature="TestRunner.feature(cucumber.api.testng.CucumberFeatureWrapper)[pri:0, instance:runners.TestRunner@6276ae34]" name="feature" class="runners.TestRunner"/>
      </group> <!-- cucumber -->
    </groups>
    <test name="FREE CRM Test" duration-ms="83272" started-at="2018-07-09T19:58:18Z" finished-at="2018-07-09T19:59:42Z">
      <class name="runners.TestRunner">
        <test-method status="PASS" signature="setUpClass()[pri:0, instance:runners.TestRunner@6276ae34]" name="setUpClass" is-config="true" duration-ms="274" started-at="2018-07-09T19:58:18Z" finished-at="2018-07-09T19:58:19Z">
          <reporter-output>
          </reporter-output>
        </test-method> <!-- setUpClass -->
        <test-method status="PASS" signature="feature(cucumber.api.testng.CucumberFeatureWrapper)[pri:0, instance:runners.TestRunner@6276ae34]" name="feature" duration-ms="82734" started-at="2018-07-09T19:58:19Z" description="Runs Cucumber Feature" data-provider="features" finished-at="2018-07-09T19:59:41Z">
          <params>
            <param index="0">
              <value>
                <![CDATA[Login]]>
              </value>
            </param>
          </params>
          <reporter-output>
          </reporter-output>
        </test-method> <!-- feature -->
        <test-method status="PASS" signature="feature(cucumber.api.testng.CucumberFeatureWrapper)[pri:0, instance:runners.TestRunner@6276ae34]" name="feature" duration-ms="47" started-at="2018-07-09T19:59:41Z" description="Runs Cucumber Feature" data-provider="features" finished-at="2018-07-09T19:59:41Z">
          <params>
            <param index="0">
              <value>
                <![CDATA[Post AD]]>
              </value>
            </param>
          </params>
          <reporter-output>
          </reporter-output>
        </test-method> <!-- feature -->
        <test-method status="PASS" signature="feature(cucumber.api.testng.CucumberFeatureWrapper)[pri:0, instance:runners.TestRunner@6276ae34]" name="feature" duration-ms="21" started-at="2018-07-09T19:59:41Z" description="Runs Cucumber Feature" data-provider="features" finished-at="2018-07-09T19:59:41Z">
          <params>
            <param index="0">
              <value>
                <![CDATA[Registration]]>
              </value>
            </param>
          </params>
          <reporter-output>
          </reporter-output>
        </test-method> <!-- feature -->
        <test-method status="PASS" signature="tearDownClass()[pri:0, instance:runners.TestRunner@6276ae34]" name="tearDownClass" is-config="true" duration-ms="43" started-at="2018-07-09T19:59:41Z" finished-at="2018-07-09T19:59:42Z">
          <reporter-output>
          </reporter-output>
        </test-method> <!-- tearDownClass -->
      </class> <!-- runners.TestRunner -->
    </test> <!-- FREE CRM Test -->
  </suite> <!-- BDD Test Suite -->
</testng-results>
