<?xml version="1.0" encoding="UTF-8"?>
<!-- Generated by org.testng.reporters.JUnitXMLReporter -->
<testsuite hostname="Oluwaseuns-MacBook-Air.local" ignored="0" name="FREE CRM Test" tests="3" failures="0" timestamp="09 Jul 2018 19:59:42 GMT" time="83.272" errors="0">
  <testcase name="feature" time="82.734" classname="runners.TestRunner"/>
  <testcase name="feature" time="0.047" classname="runners.TestRunner"/>
  <testcase name="feature" time="0.021" classname="runners.TestRunner"/>
</testsuite> <!-- FREE CRM Test -->
